number,value,datetime_start,datetime_complete,duration,params_BATCH_SIZE,params_HIDDEN_SIZE,params_LEARNING_RATE,params_NUM_LAYERS,params_WINDOW_SIZE,user_attrs_best_epoch,user_attrs_train_loss_history,user_attrs_val_loss_history,state
3,6.882456652105776e-05,2026-01-23 11:06:27.768499,2026-01-23 11:18:11.555688,0 days 00:11:43.787189,32,32,0.004138040112561018,1,30,125,"[0.009650240074474353, 0.0019301689661328988, 0.0011314332177605902, 0.0008697861732891316, 0.0007187884940699514, 0.0006000814970916205, 0.0005392774516753739, 0.0004849203640396615, 0.0004399874047381696, 0.0004220505397472421, 0.0003964582781609286, 0.000383106300878003, 0.0003690037287230601, 0.000350270775837408, 0.0003391294459257444, 0.0003293634332428957, 0.00033490720431295095, 0.0003224431535447539, 0.00031864995773933516, 0.0003124328554390056, 0.0003040192957828376, 0.00028977958530683316, 0.00029837595449217137, 0.0002908376612247821, 0.0002891725152654535, 0.0002785367248167844, 0.00027985406347156617, 0.00027367642415591757, 0.0002705948714650337, 0.0002602430401305193, 0.0002674840241487813, 0.00026587400721961605, 0.0002619194076354614, 0.00025188060813081535, 0.00025354745827819465, 0.0002483131238021773, 0.00024632034486464537, 0.00024580973895751914, 0.00023391125848968428, 0.00024354210602428028, 0.00023275736427493367, 0.00022397483818671014, 0.00022904527057685052, 0.00022244204014539848, 0.00023456046004926388, 0.00022229839837555399, 0.0002311726004114231, 0.00022023769172639808, 0.00021337152788081812, 0.0002197695572562682, 0.00021136225837927488, 0.0002247845485902989, 0.0002183654322021346, 0.00020748273508371906, 0.00021671295957468946, 0.00020469648977637146, 0.00021854384776418055, 0.00020690963431834692, 0.00020677672131976142, 0.00021406074128132966, 0.000209080813127567, 0.0002095611585869034, 0.00020727659054899398, 0.00020911024902458888, 0.00019922039089501328, 0.00019200076230399492, 0.00018561992539779977, 0.00019139312688786509, 0.000198117374737731, 0.00019401262134726373, 0.00019563787645087195, 0.0001778481506764266, 0.00019948814762828766, 0.00019490636716523534, 0.0001839290069045029, 0.00018685617353116573, 0.00019816107917248834, 0.0001826749525644803, 0.00018408725671177113, 0.00017297040252711358, 0.00019150041515254954, 0.00018406937640358658, 0.0001803352034645456, 0.0001693586157932421, 0.00018260837715536684, 0.00016782543126781137, 0.00019518709976193015, 0.00017853305931938117, 0.000175524308240371, 0.00016942848134364203, 0.00019123854834424025, 0.0001834227091259326, 0.0001793680458315078, 0.00016709817125627318, 0.00016923590551679957, 0.00018116031082005172, 0.00017460472505362404, 0.00016486142212756164, 0.00018673711365363625, 0.00017135124843788382, 0.00016445091453129934, 0.00016499215357805255, 0.00016675738107586307, 0.0001715502776421864, 0.00016314961203471072, 0.0001572337163176632, 0.0001615379439850372, 0.0001821258825461974, 0.00016295046322744718, 0.00015350679959584405, 0.00015980743631926615, 0.00015330093093496577, 0.00015295108944514912, 0.00015362386651584356, 0.0001553581786349767, 0.00016633427202071875, 0.0001579045182247855, 0.00017079094498582625, 0.00017114213316855327, 0.00016929134297422185, 0.0001645479474213766, 0.0001533624396903935, 0.00015559103548094374, 0.0001574276133846615, 0.00015459378370340105, 0.00016776058981148023, 0.0001548628978793044, 0.00015316444259407788, 0.0001559584420975985, 0.00015071250877797174, 0.00014871466954591278, 0.00014755476699406718, 0.00016941996579335984, 0.00015756486775835525, 0.0001503874319458358, 0.0001663407876457996, 0.00014980307329536089, 0.00014483892986316807, 0.00014665443815118577, 0.00015156429705795942, 0.000161219997877485]","[0.0020336720729793776, 0.001480776149631429, 0.0007823972107846166, 0.0004811594194338871, 0.00037365729437626816, 0.0002963915450870698, 0.0002478767061187157, 0.0002295515349044811, 0.00026725459626872106, 0.00023655085441936572, 0.00021391312120048293, 0.00023122742721422155, 0.00024604346306671734, 0.0001744134302084677, 0.00020391096813459145, 0.00017403326848275773, 0.00016623171741111465, 0.0001436587550061036, 0.00014243747152793088, 0.00014756231414884011, 0.00016649686601531848, 0.00037070678142568013, 0.00012782988385172416, 0.0001823983357391161, 0.00013969893595713656, 0.0001371929437923549, 0.00012247733781924373, 0.000133251024448596, 0.000220802734308359, 0.00021876276076183417, 0.00015583034109143331, 0.000155364493386951, 0.0001220925796387777, 0.00012221534089887955, 0.00012136257351106535, 0.00011312796255491856, 0.00012809970363302756, 0.00012248365477855958, 0.00010730341658864185, 0.00011098875171597327, 0.00011388536927947387, 0.00011431994506058938, 0.0001086962129971373, 0.00010784480769426628, 0.00010665160180939878, 9.300303293857443e-05, 0.00010525525840937957, 0.00010826291632128011, 0.00011497596901209042, 0.00010066762977157708, 9.83077746386056e-05, 0.0001348491782709564, 0.0001011708880159986, 9.967343668312245e-05, 9.566071586640225e-05, 0.00010630032763511829, 0.00013201314259582425, 0.00024322941902183974, 9.106524909289819e-05, 8.855303291709268e-05, 0.00010249839488074783, 0.00015356302774303154, 0.0001224839632777554, 0.00013628150878069689, 0.00012951187187327842, 9.151575475044081e-05, 0.00020458854753526316, 8.591380153461532e-05, 8.539837386679673e-05, 9.708392623851806e-05, 8.597216053966816e-05, 0.00010055881792218833, 8.636952384271706e-05, 0.0002658614785696254, 8.279270300325812e-05, 8.7343333811658e-05, 0.00011470577595499102, 8.254514152124416e-05, 9.142613754380534e-05, 9.776795319112847e-05, 8.545937437686769e-05, 0.00010737105610313349, 8.063266494405436e-05, 0.0001479132547775355, 7.913148744677995e-05, 8.351588836303334e-05, 7.828145745115067e-05, 0.00010697686739518842, 7.727009581472238e-05, 0.0001010116487731762, 8.079207870785186e-05, 8.51762180554516e-05, 7.901135429528113e-05, 7.62029424079151e-05, 8.602994123184146e-05, 7.926476968179432e-05, 8.353466451423178e-05, 7.571865462514625e-05, 0.0001319828284519405, 8.333019979019191e-05, 7.807862492120802e-05, 0.00029725734654656194, 8.893033089834631e-05, 9.908463692031207e-05, 7.59974421763412e-05, 8.094022645063665e-05, 0.0001000722989495175, 0.0002949177216711617, 7.651367162056906e-05, 8.304327770607305e-05, 7.476215113255702e-05, 7.238543516816301e-05, 7.231364455892666e-05, 8.311083081483068e-05, 7.973400384593984e-05, 7.54151473394819e-05, 0.00013336871127083702, 7.742679058639988e-05, 0.00011290428829852976, 7.762442266037315e-05, 7.288038765986326e-05, 7.041868929845656e-05, 7.992266610283406e-05, 8.357886698209044e-05, 0.00010758702041398813, 6.882456652105776e-05, 7.512694256752662e-05, 7.345643762162201e-05, 7.153028726711368e-05, 7.937421579876204e-05, 7.074743326333135e-05, 7.959738531790842e-05, 7.99445826097496e-05, 8.877048632997021e-05, 7.172224146129592e-05, 8.781188664929347e-05, 7.428617381068892e-05, 8.146725164490057e-05, 7.513405755183345e-05, 0.00014683216165777444, 6.962107613336962e-05]",COMPLETE
4,0.00031421390782585543,2026-01-23 11:18:11.556692,2026-01-23 11:34:42.926569,0 days 00:16:31.369877,32,32,0.00032927591344236165,1,45,196,"[0.022909160733673318, 0.006962224869038426, 0.006251743150720081, 0.005409764916545453, 0.005192126137764272, 0.005033278324792, 0.004173185629961263, 0.0038044985476353302, 0.0033434971821279425, 0.002941526634731294, 0.002781797247571488, 0.002694560533469583, 0.0026090069783613304, 0.00249102864749144, 0.0024456768086141317, 0.002346875359974343, 0.002286119153484241, 0.00221215210886685, 0.0021326231914808383, 0.0020659954934078586, 0.002019847645321143, 0.001980493742542888, 0.0019481590268856186, 0.001924458982478206, 0.0019024728335850724, 0.0018789990605337576, 0.001857495368413146, 0.001826007264622111, 0.0017755475834626672, 0.001695352066955745, 0.0016453152838162527, 0.001602612579323602, 0.001560907367018373, 0.001511436700945626, 0.001468986507821803, 0.0014428782904827627, 0.0014239307102747489, 0.001408302126940386, 0.001395397136312252, 0.0013849083672039916, 0.001374332264439172, 0.0013625491170116233, 0.0013536050052447837, 0.0013423977869945045, 0.0013286833758875847, 0.0013088934594963114, 0.0012828147595175998, 0.0012473557624510885, 0.0012277004152423155, 0.0012116546059110784, 0.0011983040313307222, 0.0011853829935470712, 0.001176887996621352, 0.0011711275718105138, 0.0011583010689425882, 0.0011501396974697758, 0.0011408255793829516, 0.0011265671128551323, 0.001113896869463106, 0.0010978102617784553, 0.001086881921341802, 0.0010766423455075861, 0.001068246252610817, 0.0010606106166222776, 0.0010551897628429834, 0.0010492478905498664, 0.0010453487993423037, 0.0010401902910081467, 0.0010347278502621452, 0.001032075610226597, 0.0010271392234935544, 0.0010236004297977032, 0.0010213176056325997, 0.0010145347629521317, 0.001012828832088275, 0.0010086817525313634, 0.0010063935836183019, 0.000998663629090586, 0.0009969597060273973, 0.000988318900127756, 0.0009824046000219914, 0.0009754068763003238, 0.0009571545062918279, 0.0009457301860125792, 0.0009394246147561469, 0.000927539303510709, 0.0009228720015263521, 0.0009164775448881783, 0.0009113044251314654, 0.0009046715536365612, 0.0009022329759632164, 0.0008959484830676778, 0.0008922814525828007, 0.0008879891847703819, 0.0008808664131084835, 0.0008715559316056526, 0.0008641281459935674, 0.0008551952754762259, 0.0008445720257141289, 0.0008395861577686459, 0.0008359490935767305, 0.0008290395174319784, 0.0008234987812643023, 0.0008261271738319144, 0.0008199219705484618, 0.0008141152369388623, 0.0008132357747199331, 0.000808382636033701, 0.0008064578195962382, 0.0008046035600386412, 0.0008004357047022868, 0.0007986839599869825, 0.0007940008035621817, 0.0007915017272499609, 0.0007892507141333184, 0.0007850852863366014, 0.00078178277135801, 0.0007786975244205721, 0.0007685423071629848, 0.0007645130614088982, 0.0007578740618420012, 0.0007526904877389696, 0.0007463206253912611, 0.0007428934676010382, 0.0007385291299670849, 0.0007357397413953655, 0.0007324682621350618, 0.0007321165261659753, 0.0007270349957406095, 0.0007264146582149487, 0.0007236856401009529, 0.000720512749214554, 0.000718432498953976, 0.000718468049429142, 0.0007164264203564607, 0.0007154881844089882, 0.0007115091579829138, 0.0007112800661849613, 0.0007106476040868363, 0.0007039158043060784, 0.0007041276841252185, 0.000699389311454343, 0.0006962384871806627, 0.0006940545217920159, 0.0006865167935938257, 0.0006813901757634192, 0.0006747878984558937, 0.0006707488848538435, 0.0006678791286986943, 0.0006617559783172476, 0.0006597272583577314, 0.0006544019025168645, 0.0006544495752733764, 0.0006502419726799895, 0.0006467628777221554, 0.000641676821562586, 0.0006383009650435978, 0.0006379734654080048, 0.0006314487336895903, 0.0006292859162322193, 0.0006249366920636687, 0.0006222143791951707, 0.0006192649241634805, 0.0006163274059251823, 0.0006167548136399921, 0.0006141867152592004, 0.000608989849701085, 0.000609029001895975, 0.0006091462519733145, 0.0006072232573508157, 0.0006073042257396195, 0.0006035297347381015, 0.0006048984357925424, 0.0006003304972399811, 0.0006003647484613668, 0.0005986903180499086, 0.0005985600371543171, 0.0005999115589645429, 0.0005953366329925342, 0.0005975581339090513, 0.0005952812706867916, 0.0005948933418427677, 0.0005932260056157494, 0.0005929026073134433, 0.0005918612664587745, 0.0005908385097233058, 0.000590357919829972, 0.0005901615875477245, 0.0005903755096474185, 0.0005858862844163311, 0.0005871314855953496, 0.00058609975886155, 0.0005848760533019946, 0.0005848883536022594, 0.0005866965801424861, 0.0005824302424188365, 0.0005808531563532179, 0.0005815045777632823, 0.000581270698357384, 0.0005767091298896452]","[0.006907092854028142, 0.005382700885041883, 0.004616692697033756, 0.00446017876074029, 0.004231870760043115, 0.004067985763459718, 0.0033503869502235356, 0.0028303479649260284, 0.0024658952132933843, 0.0020778280755049472, 0.002186016101107247, 0.002154068681135799, 0.0018657725658525308, 0.0018002258902117393, 0.0017454809502326584, 0.0017474821345290473, 0.0017059639506114305, 0.001716251576046854, 0.0016791032350336077, 0.0014408915529304583, 0.0014659665135891764, 0.0013714963011884197, 0.0014172534016401574, 0.0014054532259321296, 0.0013403747644689348, 0.0015037004338949737, 0.0012690720107658977, 0.001407991687668698, 0.0015055785889993524, 0.001096906148862909, 0.001114170352966976, 0.0010683894688536923, 0.0010068077621832382, 0.0009684271576454206, 0.0009667207834027049, 0.000922409286505639, 0.001004937653546617, 0.0010209294470512407, 0.0009258421932416934, 0.0009185308438587042, 0.0008938953936859615, 0.000884128518527747, 0.0009564409521453567, 0.0010588027238967832, 0.000856550680782984, 0.0010265185772387103, 0.0008201578661425727, 0.0008794572555687331, 0.0009573510828667918, 0.0008210790465759409, 0.00076288097190785, 0.0008648084264771885, 0.0007711685539000929, 0.0008205201438459134, 0.000881946432587909, 0.0008880916386352439, 0.0007099261290800687, 0.000744466574285098, 0.0006831721070573667, 0.0007201786660986932, 0.0006823238045077053, 0.0007106378381181199, 0.0006720268416851316, 0.000681461606213456, 0.0006441974931563514, 0.0006851716428145148, 0.0006390437800385246, 0.0006692586987460559, 0.0006194433698484657, 0.0007642110426603396, 0.0006230976830215375, 0.0006704384282327129, 0.0006886846277727675, 0.000673216919751123, 0.000611534769110669, 0.0006452044305185553, 0.0006634811974968355, 0.0006171658713709923, 0.0006007874902601687, 0.0006389097207630742, 0.0006102244204467398, 0.0006549276624424839, 0.0006285460158248966, 0.0006012836366872431, 0.0005905584039812531, 0.0005878101637269959, 0.0006900594951241507, 0.0005688340798985577, 0.0006278445683794764, 0.0005458527114952331, 0.0005693527607677422, 0.0006209907960417793, 0.000584454955491348, 0.0005651756083233076, 0.0005440865213048954, 0.0006098757454303484, 0.000532260421285752, 0.0004976251882234112, 0.0005223601880552919, 0.0005368375943427791, 0.0005264470358043665, 0.0005613472115839047, 0.0006090481420163263, 0.0005609095292308218, 0.0005325914738974988, 0.000506044440124521, 0.0005076342742279631, 0.0004949188319114857, 0.0006015162789256053, 0.0005376627073105386, 0.0004990677179843015, 0.0005184176066663968, 0.0004641646194515306, 0.00046425695483453487, 0.0004630654306640245, 0.0004742450813081862, 0.00046991380894353745, 0.0006673956526107164, 0.0004769147663842209, 0.0004629004750883614, 0.000571714034374064, 0.0006320272775797091, 0.00047706139721527644, 0.000533352214812533, 0.0005217486458865782, 0.0004186358215124764, 0.0004766096032324235, 0.0005425091093545711, 0.00047509270101222617, 0.00043962354780435075, 0.00047866859041913087, 0.00046040617504660065, 0.00044301803706056576, 0.0005994695681610454, 0.00044210468824062185, 0.0005487279651796356, 0.00042015350157878967, 0.000754885949386028, 0.0004248768737812358, 0.00041060897114192764, 0.00045164249000179753, 0.0004385272709885273, 0.0004550066586304366, 0.00040044148893105495, 0.00038404337146218, 0.0004068858296550993, 0.00046836625966968713, 0.0004182792218450153, 0.0003872848613238959, 0.0004073130142099365, 0.00037899933915843076, 0.0003736144948926063, 0.0003807507262735554, 0.00039255931483846466, 0.00046038882102982686, 0.0004024288904667217, 0.0004513677627914429, 0.0003935740340085567, 0.0003748628952696807, 0.00043659884073276277, 0.0003756762897869828, 0.00037116777012418376, 0.00034690461375709705, 0.0003913557713155213, 0.00042890359478173906, 0.00035856690402445463, 0.000389444187630559, 0.00034929394258752423, 0.00042203937795339447, 0.0003924079342086179, 0.0003816278007203213, 0.0004138814201573979, 0.0003571031895980839, 0.000357583102795342, 0.0003341392485006549, 0.00038467306683094397, 0.00034362419663956916, 0.0003489086358111071, 0.00036956235142083534, 0.0003681273165529242, 0.0003343064665425752, 0.00036602555505284285, 0.00033151031572077773, 0.00039052224424821294, 0.00033646010139820154, 0.00033955171789358513, 0.00042394066022389084, 0.00036473904083036014, 0.0003682296460726891, 0.0003465830979452815, 0.00033605911376459496, 0.000349070308062355, 0.00033752269069972586, 0.0003236049013369916, 0.00039684266786629667, 0.000325667360790012, 0.00031421390782585543, 0.0003245236596919746, 0.0003677926702323889, 0.0003304419138575897]",COMPLETE
5,2.046185092387395e-06,2026-01-23 11:34:42.926569,2026-01-23 11:43:17.449864,0 days 00:08:34.523295,32,32,0.006161049539380964,2,15,71,"[0.0029124951501222434, 0.0004431348731671194, 0.00033879982644996476, 0.0002802823127111103, 0.0002249418889596778, 0.00021897854158142008, 0.000186216937883248, 0.00016412473445633814, 0.00014617099450652324, 0.00013474117705598081, 0.00013384811196262862, 0.00011174213735633848, 0.0001125750990840612, 0.00010570689208008917, 8.797822583384993e-05, 9.16093099275371e-05, 8.787102220164653e-05, 7.663948767115413e-05, 7.530489634761043e-05, 6.672747652682188e-05, 6.778310821554896e-05, 6.786274948330475e-05, 3.731727576719478e-05, 5.594764948569299e-05, 7.160803292649433e-05, 5.133808599185947e-05, 4.6047328579941353e-05, 4.9190363978662214e-05, 3.5221716862043644e-05, 2.361711476508262e-05, 2.227432287969656e-05, 2.315309637204456e-05, 3.346290093008347e-05, 2.4714495673349284e-05, 2.343717836525553e-05, 4.218835627566062e-05, 2.674606210096354e-05, 3.188475903497454e-05, 3.8539560068666044e-05, 1.777179284491102e-05, 1.7400728177683674e-05, 1.5911623981727352e-05, 1.793127047811378e-05, 1.9454745874350846e-05, 2.424864759705124e-05, 1.2992034986967476e-05, 1.3309592209535936e-05, 2.0926348554974443e-05, 2.8344944553631028e-05, 3.0188170701522907e-05, 1.1170327665787703e-05, 3.107036108590074e-05, 1.2599126426873701e-05, 1.0514918386317793e-05, 1.2093238336848678e-05, 1.1476291204688789e-05, 1.203036110356956e-05, 1.0570624126331705e-05, 1.092381742908625e-05, 1.0300442286577435e-05, 1.1622278447819916e-05, 1.0052366632181466e-05, 9.68681736338911e-06, 8.946050901182699e-06, 8.891850561449576e-06, 9.148642247347718e-06, 9.319826519790243e-06, 8.19649687747696e-06, 8.397174602463218e-06, 8.315643278209538e-06, 7.146688672263368e-06, 8.226006305013251e-06, 6.644735849991242e-06, 6.5227215521785805e-06, 7.86456542080473e-06, 7.4499846605405075e-06, 6.42389166785629e-06, 6.949737764425489e-06, 7.4897756002609245e-06, 6.687292310178559e-06, 5.357038059169275e-06, 8.50326278145353e-06, 5.098588313303432e-06, 6.206259755529269e-06, 5.721579127349177e-06, 6.3258834222477886e-06, 6.558236371773506e-06]","[0.0002516634718238857, 0.0001447376573497792, 0.0001299343599237682, 0.00011773454448767186, 7.597353641689698e-05, 8.490619995378484e-05, 7.114063902115534e-05, 0.0001261374959811884, 5.989599839949295e-05, 4.681842637426437e-05, 6.778987464191067e-05, 4.441380978188803e-05, 5.097021625022496e-05, 0.00010435944239147768, 2.8878394818118046e-05, 0.0001205579318942391, 3.866876372275695e-05, 3.581540632433561e-05, 2.321235464310147e-05, 3.25358409562496e-05, 6.802301155571486e-05, 2.094557468198654e-05, 1.9155043637528495e-05, 2.1534847064247792e-05, 2.2807585399957672e-05, 9.9386811498492e-05, 4.5953731110392616e-05, 8.314819325998457e-06, 7.998027090839489e-06, 1.2028438644977162e-05, 2.373282254377119e-05, 1.0603803746839214e-05, 4.905743693167107e-05, 1.1549116785801554e-05, 9.16581005453552e-05, 2.5090166298167418e-05, 6.597553426335339e-06, 2.2827508266927627e-05, 5.514851106151279e-06, 1.3913861258377242e-05, 7.5447794743731706e-06, 6.817573625074546e-06, 5.885046781777717e-06, 6.863692653482381e-06, 5.1849702214618055e-06, 1.0446924101492894e-05, 8.376618344039262e-06, 5.362497552864441e-06, 5.156114291397642e-06, 3.7001340327191718e-06, 6.018938696629474e-06, 4.3331874113603715e-06, 4.111407217705355e-06, 8.813159522862742e-06, 4.4123753722836615e-06, 8.302774395238965e-06, 8.82217960392161e-06, 9.011200636065139e-06, 5.513943826042819e-06, 6.561656834925011e-06, 4.648383303696907e-06, 3.361848000828465e-06, 2.9287295029131054e-06, 8.931009779364721e-06, 5.680328393734371e-06, 3.934434890987191e-06, 5.175404561868757e-06, 6.821492267112252e-06, 3.1011502717201387e-06, 4.49097593719287e-06, 6.8922156274372756e-06, 2.046185092387395e-06, 6.616973073303979e-06, 3.064516639121721e-06, 2.301462321678792e-06, 5.584612335425814e-06, 4.772880189975099e-06, 2.6244858031663635e-06, 3.5155570841199666e-05, 3.6301851213709434e-06, 5.916293698497814e-06, 4.165147819599839e-06, 2.703691864830427e-06, 2.791623561710356e-06, 6.709926656676088e-06, 5.949986155784369e-06, 1.1041157793123899e-05]",COMPLETE
