number,value,datetime_start,datetime_complete,duration,params_BATCH_SIZE,params_HIDDEN_SIZE,params_LEARNING_RATE,params_NUM_LAYERS,params_WINDOW_SIZE,user_attrs_best_epoch,user_attrs_train_loss_history,user_attrs_val_loss_history,state
6,5.941123042516794e-05,2026-01-23 11:43:17.449864,2026-01-23 12:05:10.699392,0 days 00:21:53.249528,16,32,0.004544383960336014,1,30,128,"[0.007688270948297386, 0.0015237359935588639, 0.0009184807510019392, 0.0007599784539160336, 0.0005997810499079534, 0.0005477037446603553, 0.00047742650318563, 0.00045038450142098575, 0.00040233072070857204, 0.00037140107320734, 0.00036904060320774076, 0.00034768905934480314, 0.00033634744110533067, 0.0003277204172728685, 0.0003155982034356561, 0.0003233135917503148, 0.00030839577376775375, 0.00031075318341213193, 0.000297984292601362, 0.0002860461223952693, 0.0002689671957262906, 0.00027709825480463137, 0.00025685669587255085, 0.00025162205334606884, 0.00025381318940179473, 0.0002561201815965159, 0.00023636181204796675, 0.00025152522557714507, 0.0002347488053873175, 0.0002433662268699244, 0.00024144311471072295, 0.00024154971816292152, 0.00023780985394807335, 0.00024815617080187137, 0.0002271407759469757, 0.00022905482743333248, 0.00022766713195795091, 0.0002364564027047397, 0.00023066567379647894, 0.00022841224948665827, 0.00021851829976432985, 0.00023436326939341238, 0.00021584961316905175, 0.00022480146763083984, 0.00021394574867619618, 0.00022621567387988526, 0.0002241421795407805, 0.00021192859421777452, 0.00021852595702262338, 0.00020444278287493626, 0.00021371416164804317, 0.00021154495946020614, 0.00021750775661862206, 0.00021128494199439528, 0.0002127751400403374, 0.00021142518080128156, 0.00020815741430956408, 0.00020469941775288816, 0.00020091974882111441, 0.00019896394702958697, 0.0001955092424911165, 0.0001814283078876159, 0.00019791034918750243, 0.00019159848200133846, 0.00018930097915144105, 0.00018831714887309936, 0.00018510224931007666, 0.00018746734654972365, 0.00018679541611155276, 0.0001751086805531386, 0.00018588272840282973, 0.00017568721660291695, 0.00018958387970242037, 0.00017615584539084733, 0.0001890788998161788, 0.00018883616352545452, 0.0001780256064568491, 0.00016668513074119388, 0.00017206556697099655, 0.0001878373075463487, 0.00016478744501632807, 0.00017632332723779574, 0.00017598968613809617, 0.00018224701545608196, 0.00017654744413134166, 0.00017390450640150898, 0.00016483012797695787, 0.00016429353444477406, 0.00015893498001573684, 0.0001619959218671492, 0.000184139912218587, 0.00016458001015671098, 0.0001545902035383336, 0.00016193096096502263, 0.0001769890600178903, 0.00016664482665601426, 0.000165972050825517, 0.00016333738105889096, 0.00015125288671483905, 0.00015479053374067896, 0.00016892306705693964, 0.00015895609265046076, 0.00015337635684531688, 0.00016328973899515744, 0.00015128226735306848, 0.0001530306196423912, 0.0001488861241412789, 0.00014824329548235318, 0.00014231827715111152, 0.00015115695770500303, 0.0001621514654161361, 0.00015976839162457277, 0.0001420783066410795, 0.0001608190539330985, 0.000161448098715477, 0.00013600510078623794, 0.0001429069766931085, 0.0001691691742599382, 0.0001382708484858139, 0.00013754181622549494, 0.00015608522592499806, 0.00015052204363570865, 0.000140843071266207, 0.0001423282910942927, 0.00015481351953653736, 0.00014327037228851894, 0.00013427862652973807, 0.0001486957794119837, 0.00015460935554628853, 0.0001425850028664829, 0.00015238701847765664, 0.00013815378182473453, 0.00013579381137574168, 0.00013297193272687977, 0.00014106235423797867, 0.00015835246145514407, 0.00014647145865808383, 0.0001443951592584926, 0.00013988290415401918, 0.00013271687793465085, 0.00014110640986513597, 0.0001432334506370552, 0.0001405921939929492, 0.00013165139714910705]","[0.0015823272301301952, 0.0006765089660366524, 0.00044702034838308986, 0.0004589018434418263, 0.00034799699432995273, 0.0002485092216604568, 0.00023867039544997386, 0.0001976607373488672, 0.00020241110468722167, 0.0002308159124813947, 0.00015595804652917733, 0.00018091912183231082, 0.00015048974190347254, 0.00015069480341784196, 0.00017644306260193406, 0.00014233345881365384, 0.000138323893351289, 0.00021038415097679463, 0.00017619475989910584, 0.0003508967195768319, 0.00020676105146609015, 0.0001325391069547645, 0.00010970568755583161, 0.00012009029269472212, 0.00011655897085233764, 0.00011071652347134567, 0.00012691237633146934, 0.00010186305797739918, 0.0001435121643463883, 0.00010485558406732268, 0.00016712899153970194, 0.00010341403065343171, 0.0001269252153381884, 0.00010390363718144218, 0.00037773015892519424, 0.00013361401228324332, 0.00012160971525808671, 0.00010386688162542347, 0.0002729012810659523, 0.00014963151577462554, 0.00011404132925681742, 0.00010253066586151056, 9.51663645997251e-05, 0.000104510410124849, 0.00010024388531301845, 9.236178504207168e-05, 0.00010402939680792439, 0.00013583990036356738, 0.00010078783196465, 0.00010643070488117981, 9.476556442326224e-05, 0.00035175827118764653, 9.257143439770854e-05, 8.76906359721735e-05, 0.0003099547658248559, 0.00011651532939651369, 9.485992829879487e-05, 0.00010518848027188983, 8.925961683324638e-05, 9.006740257060202e-05, 0.00013940668809188811, 0.00010283458571525253, 8.344350628896891e-05, 9.106590561572676e-05, 8.649605577419889e-05, 7.856518506626651e-05, 0.00010098465859521575, 8.514929086544038e-05, 8.345949469490859e-05, 9.313317027149741e-05, 8.454051978613675e-05, 9.436432323442336e-05, 8.403707333061345e-05, 0.00011213468131261732, 0.0001083843781660539, 8.470822471908275e-05, 8.369558466682699e-05, 9.380083089047272e-05, 8.304667376412604e-05, 7.781611441092252e-05, 7.700194973406677e-05, 7.647427768043793e-05, 8.875862577862444e-05, 0.00017370892709483776, 7.78598604922733e-05, 8.474690570242593e-05, 8.668554748322613e-05, 9.293393751323031e-05, 8.24222523427021e-05, 7.048452709580976e-05, 8.152131533225675e-05, 8.914021766353802e-05, 7.690237029136635e-05, 7.524786892151802e-05, 7.336591316181438e-05, 7.351248607308246e-05, 7.397845593257425e-05, 7.058949065085299e-05, 7.038530043812381e-05, 8.105979734666298e-05, 9.043619848458208e-05, 6.769164878744898e-05, 6.485195209209792e-05, 7.097990746156784e-05, 6.993235967304141e-05, 6.351427623941683e-05, 6.627014294514727e-05, 6.430604180337221e-05, 6.500487295892959e-05, 6.576148039395115e-05, 6.112141890249491e-05, 7.405394938075858e-05, 6.945505094238503e-05, 6.277906519114277e-05, 6.248451147872268e-05, 7.046917668732266e-05, 6.454191576623184e-05, 6.821525436341619e-05, 0.00014748780352740753, 6.504721456061682e-05, 6.176528812145554e-05, 6.435384769319649e-05, 6.692757693748614e-05, 6.006834683039896e-05, 6.0538707596645755e-05, 7.312680381434189e-05, 7.764190813020666e-05, 7.486339841838122e-05, 5.941123042516794e-05, 7.165989746332696e-05, 6.541467420197956e-05, 0.00014159372477282137, 6.929809744947358e-05, 6.213571513295088e-05, 0.00022180722706442653, 7.017775028419626e-05, 6.453365914601042e-05, 6.8843569477415e-05, 7.243906735095725e-05, 6.788173794106157e-05, 7.150515637596524e-05, 6.78956556203685e-05, 6.0709480428238077e-05, 6.306179006339761e-05]",COMPLETE
7,0.0052541223020699055,2026-01-23 12:05:10.700394,2026-01-23 12:05:29.026060,0 days 00:00:18.325666,16,64,0.00024970737145052745,1,45,1,"[0.01356163614880441, 0.0066581025259827824]","[0.006173484940972036, 0.0052541223020699055]",PRUNED
8,5.220194490231537e-05,2026-01-23 12:05:29.026060,2026-01-23 12:16:25.233176,0 days 00:10:56.207116,16,64,0.005323617594751502,1,30,57,"[0.007247714940713869, 0.001027390366885102, 0.0006534206361649584, 0.00048128097094438105, 0.0003938056169469233, 0.0003613250947803406, 0.0003236579276674762, 0.0003088327178235756, 0.00028399954453146224, 0.00026879718995019146, 0.0002606099257777282, 0.00024628164061968566, 0.00023740985282352374, 0.00022952670128727662, 0.0002259169942149213, 0.00022245370685428857, 0.00021438140935968532, 0.0002124830031820295, 0.00021234717438020287, 0.0002149956109084539, 0.00020770746982212712, 0.0001985964188736114, 0.00019042765093697702, 0.0001831861541974366, 0.000192279918585428, 0.00018654911529070785, 0.00017604980611652307, 0.00017435409606561943, 0.0001719788309734181, 0.0001599522967636524, 0.00016557402148548083, 0.00014902515413374486, 0.00015915367838516888, 0.0001768152709654755, 0.0001779061896211615, 0.00016042990324103271, 0.00014181014764366327, 0.00015574086612572992, 0.00015157912577390818, 0.00015371665982369615, 0.0001507674530358866, 0.00014944918754278492, 0.0001899291956271987, 0.00014410238264685207, 0.00015107421964866922, 0.00015235620781957443, 0.00013064466958931904, 0.00011930506283981077, 0.0001766964919870596, 0.00012054689748456374, 0.00012729147494282584, 0.00012299969379935493, 0.0001152082589196456, 0.00011878420733139156, 0.00013970651788597002, 0.00011447877849378564, 0.00012156313583169058, 0.00012137526860021704, 0.00011162754005530506, 0.012175463039645538, 0.014660321344726966, 0.013343961743317591, 0.014862133626037152, 0.015313882095472563, 0.015354847441739742, 0.015344139252490398, 0.015268779219195507, 0.015270260524502985, 0.015343567939607746, 0.015346655685571184, 0.015350686598102849, 0.01534514033618094, 0.01531804258254522]","[0.000992367171713315, 0.000497091610463242, 0.0002931986632875077, 0.00020872343799952195, 0.00022410854064090776, 0.0002691428884667999, 0.00022427041108773695, 0.00039455833664139297, 0.00024083954326312962, 0.00015218359928596204, 0.00011107083305132666, 0.0001504882582940326, 0.0001110239682847233, 9.598716897219114e-05, 0.0001284915332933074, 8.883893976681345e-05, 0.00010142689697098147, 7.933891148059135e-05, 8.246370635538518e-05, 8.084505061112295e-05, 7.888964240871524e-05, 7.56213956747466e-05, 8.402260652843627e-05, 6.529077812024831e-05, 7.225938834361154e-05, 6.502287548078803e-05, 6.759018414536184e-05, 0.00010416111945716499, 0.00010755823418778709, 6.930220059184112e-05, 6.247500322671017e-05, 6.273998449092388e-05, 9.183994844539083e-05, 7.051100655017519e-05, 6.44807039878185e-05, 6.441846672939647e-05, 6.132955991887793e-05, 5.984097978149411e-05, 6.935815213869663e-05, 8.929139731386528e-05, 8.358915114102697e-05, 5.9026319337471566e-05, 8.745822055451144e-05, 6.16126975724591e-05, 0.00024753759624282853, 5.5670070204820385e-05, 5.416101471500334e-05, 6.101137242756892e-05, 5.339119080636037e-05, 8.322042839553291e-05, 8.995323550648722e-05, 5.967240840853848e-05, 5.8074843119166354e-05, 5.3295300038497544e-05, 5.6999224617573064e-05, 9.90895315714939e-05, 9.033615241416005e-05, 5.220194490231537e-05, 5.6687802716870216e-05, 0.014327512344996948, 0.013218494470291792, 0.013644549995435662, 0.014861449284773029, 0.014117710129352246, 0.014166872041060862, 0.014771927183897837, 0.014340670870633692, 0.014162967609728315, 0.013982318559873572, 0.01514004346736069, 0.014849052244672633, 0.014259038077240077, 0.014635791530342336]",COMPLETE
9,5.4676585213252e-07,2026-01-23 12:16:25.233176,2026-01-23 12:30:19.597722,0 days 00:13:54.364546,32,64,0.0008798929749689024,2,15,124,"[0.006353899118526072, 0.0007912242871700696, 0.0005021693853245816, 0.00041778430138980535, 0.00034205184462494204, 0.000297247875938777, 0.00026593873354877995, 0.0002310187988651579, 0.00021047986765289906, 0.00019392867800149572, 0.00018001497416915633, 0.00016452386012137419, 0.0001588381816439103, 0.0001570530319836852, 0.00013888951152892426, 0.00013392651405906737, 0.00012274093696878702, 0.00011868719759883551, 0.00010579599691388322, 0.0001012118875068998, 0.00010237411118297586, 9.007861298348641e-05, 8.662613387681326e-05, 8.270578771271759e-05, 7.476959539212287e-05, 7.044613853268831e-05, 6.919715451382938e-05, 6.414507920577867e-05, 5.9669962500680774e-05, 6.465409291722754e-05, 4.908008731951255e-05, 4.7478830245997645e-05, 4.566601777861403e-05, 4.552406030096686e-05, 3.939058858662014e-05, 3.7079243068616845e-05, 3.8075972261468537e-05, 3.41823173712791e-05, 3.0223222613384258e-05, 2.6651203473581774e-05, 2.2096046601234193e-05, 2.297787803870399e-05, 2.1664994742968113e-05, 2.130156202781311e-05, 2.5744186558837327e-05, 1.8990025923303868e-05, 2.268771598519792e-05, 2.20756435884871e-05, 1.8582039005354342e-05, 2.2044954714054078e-05, 1.736799455263435e-05, 1.8351763657933802e-05, 1.917614274422193e-05, 2.124985968045943e-05, 1.474188418468447e-05, 1.4419001346149212e-05, 2.03357616103621e-05, 1.370285502922273e-05, 1.1299945197538449e-05, 1.0602465894305094e-05, 1.053239513513176e-05, 1.3378653755777476e-05, 2.1771248792100537e-05, 1.5025937773742584e-05, 8.253632444223992e-06, 8.586073752468487e-06, 8.567452128978804e-06, 8.39393108027952e-06, 8.928526984885476e-06, 1.506969902281866e-05, 8.434992210686231e-06, 1.2822673322008287e-05, 7.838573012609755e-06, 7.4955326827642425e-06, 1.5594438786896493e-05, 1.4714930510479138e-05, 9.409984936840128e-06, 5.784738807368269e-06, 5.307116300678185e-06, 5.84319870793968e-06, 5.040329555759861e-06, 1.395453272277418e-05, 6.250751234056345e-06, 5.360032795333741e-06, 5.364990320199336e-06, 4.633395019298801e-06, 4.516721300008643e-06, 4.2955214186808885e-06, 4.351916442191682e-06, 3.636353262155004e-06, 3.473780727319544e-06, 3.625650302765085e-06, 4.139663455416224e-06, 3.2940607771292024e-06, 3.0399814268385028e-06, 2.876309648530179e-06, 2.964197796708983e-06, 3.1829901623691577e-06, 2.787704513754148e-06, 2.8244678999315803e-06, 4.230041958616656e-06, 7.5632052640986026e-06, 1.1117566403001876e-05, 6.21397863483437e-06, 2.9364782995028986e-06, 2.292485282367602e-06, 2.4338888634556203e-06, 2.670527506045442e-06, 2.4843056096788385e-06, 2.4059295004929503e-06, 2.4246062685230203e-06, 2.4935336061776047e-06, 2.486695777031901e-06, 2.5375535738431473e-06, 2.261401631461926e-06, 2.5870901481116428e-06, 2.3474181010884557e-06, 2.2182836222864853e-06, 2.2327133145203294e-06, 2.312532439863468e-06, 2.5771743051030538e-06, 2.2504755930233067e-06, 2.070171844030604e-06, 2.888230207730598e-06, 2.0915666500836364e-06, 2.4715915130940298e-06, 8.226211146692311e-06, 3.6847596669481076e-06, 3.987019901432729e-06, 1.8333181557540266e-06, 1.710189351913588e-06, 2.078225062020088e-06, 2.2943583693020986e-06, 5.721461665088423e-06, 2.5276306764513102e-06, 1.6992368120205633e-06, 2.0000570740159984e-06, 2.102063936041096e-06, 1.9443782458501883e-06, 1.8038052163626515e-06]","[0.0005982116075342928, 0.00031616171632805007, 0.00027657976925937435, 0.00019395897599507565, 0.0001480537991688319, 0.00014456550140033193, 0.00010486622932411607, 0.00011316522544529491, 0.00011063602610744908, 8.280914239715498e-05, 6.720226671731639e-05, 0.0001450540645913623, 6.282175944970083e-05, 6.869020554143307e-05, 8.515023667617545e-05, 5.977230610716563e-05, 5.158845952425784e-05, 5.724986411518057e-05, 4.716819869359414e-05, 4.2247077804098603e-05, 8.508938440444264e-05, 4.032263633289158e-05, 4.173139680010369e-05, 3.405251220928623e-05, 2.9932531156988886e-05, 5.6053359725259996e-05, 3.017039959869217e-05, 2.9847851590826967e-05, 2.6116802445514152e-05, 2.1900754633576013e-05, 2.837984573099906e-05, 1.8206267881052872e-05, 1.6022800310094403e-05, 1.5462880684711645e-05, 1.1880650025657444e-05, 1.1974541263457214e-05, 1.2417892226469176e-05, 1.4777357901109163e-05, 1.1902955918576096e-05, 9.261138828620803e-06, 1.0881925378737401e-05, 4.2961786745828517e-05, 6.359713581581311e-06, 6.075394753110046e-06, 1.694020575823059e-05, 2.4498209597494432e-05, 1.0112398511038483e-05, 4.69324605005226e-06, 9.882132042247207e-06, 7.490652486972864e-05, 8.44652852409999e-06, 6.32202535789492e-06, 1.2271732671190478e-05, 4.561637796224434e-06, 6.158762950579887e-06, 7.805473173403577e-06, 4.5952181661747875e-06, 3.967464285016695e-06, 6.7701526374771405e-06, 3.838822207966839e-06, 9.612305583825414e-06, 9.3039125510756e-06, 4.313515030446634e-06, 2.9076933279035154e-06, 4.892792503158766e-06, 2.9148025408794776e-06, 5.289065842175914e-06, 3.776684748810184e-06, 3.696719440224311e-06, 2.1783485552731406e-06, 2.8363345018560597e-06, 7.036083677081191e-06, 2.5411881421364086e-06, 2.764687375188233e-06, 2.7946783701927434e-06, 1.2247867775551713e-05, 2.6566286935212877e-06, 2.797937138995397e-06, 4.397431137578454e-06, 2.490812459255443e-06, 2.1626419417818417e-06, 1.2319838207323915e-05, 1.62416719909508e-06, 2.4671722245796012e-06, 1.8129515613093966e-06, 2.2011530369330564e-06, 2.206351667467031e-06, 8.759046295819367e-06, 1.858598064285903e-06, 2.826992282132915e-06, 9.412511371613448e-07, 9.544160160165641e-07, 1.288718301535738e-06, 1.4223867252599427e-06, 1.294391640989285e-06, 8.191477511353555e-07, 2.995727837113706e-06, 4.147845331724069e-06, 2.1248456417798377e-06, 3.0722199755687205e-06, 2.9477677281316427e-06, 1.0329418969972818e-06, 1.2096260966920283e-06, 9.302561903252515e-07, 6.255719469632202e-07, 1.0261656855834185e-06, 1.1333825415172855e-06, 2.4490124507655956e-06, 4.250430386882429e-06, 1.2625349291004276e-06, 7.720515299234317e-07, 1.886096996711852e-06, 4.17442992450513e-06, 1.7614442692174704e-06, 2.1966272197810538e-06, 2.736877462603512e-06, 1.0866330441316333e-06, 6.125213568397655e-07, 9.88139241692882e-07, 2.747642880204766e-06, 1.2187007208184536e-06, 8.555858455491136e-07, 9.095036663853247e-07, 1.804293356188436e-06, 5.4676585213252e-07, 2.1265674979378135e-06, 1.6148362679930112e-06, 4.609577292621854e-06, 1.1065745590287217e-06, 2.7139764517278046e-06, 1.3715368078117112e-06, 1.099482323944342e-06, 5.631718391206349e-07, 2.5314737764357743e-06, 6.581134544762659e-07, 4.347927949043153e-06, 3.0671382089705294e-06, 1.0981472495751511e-06, 7.455407570289906e-07, 1.5186310294599736e-06]",COMPLETE
