number,value,datetime_start,datetime_complete,duration,params_BATCH_SIZE,params_HIDDEN_SIZE,params_LEARNING_RATE,params_NUM_LAYERS,params_WINDOW_SIZE,user_attrs_best_epoch,user_attrs_train_loss_history,user_attrs_val_loss_history,state
14,1.1533078586685957e-06,2026-01-23 13:44:49.333384,2026-01-23 13:56:32.113021,0 days 00:11:42.779637,16,64,0.001800055478731078,2,15,47,"[0.002289519846306015, 0.00037579692913951063, 0.00026282013289907616, 0.00020682280801736786, 0.00016646053189749393, 0.0001417759432317134, 0.00012114766283063502, 9.850109438999925e-05, 8.822551024953275e-05, 6.53077904504856e-05, 6.889282344039015e-05, 5.487988364123827e-05, 4.7452157211623316e-05, 4.3005564284369284e-05, 3.158271983296793e-05, 3.206836895907962e-05, 3.294721862323059e-05, 2.5523220616677256e-05, 2.096180251393093e-05, 1.785569311108371e-05, 1.9585787397534503e-05, 3.05974726663948e-05, 2.3230917672681388e-05, 1.5270062940372723e-05, 1.5368588644320488e-05, 1.5641903188662957e-05, 1.3092102918876476e-05, 1.2495306293393953e-05, 1.3084882738140912e-05, 1.1899246112686833e-05, 1.0959822046926254e-05, 1.0406753003468981e-05, 1.0739509321218579e-05, 9.621916903130954e-06, 8.85937086484223e-06, 7.826790098656206e-06, 8.251945744668307e-06, 7.362023634552895e-06, 8.953258259094325e-06, 7.174265224677913e-06, 6.8067196113565675e-06, 7.090961728672978e-06, 6.803508469916842e-06, 6.6080096364875665e-06, 6.716767914284397e-06, 5.227694532134232e-06, 5.5077472566785624e-06, 6.3999138277089765e-06, 4.785928980067755e-06, 5.44566837316691e-06, 5.330580454477862e-06, 4.762326686101738e-06, 4.898822843482496e-06, 4.652825153263699e-06, 4.581539502616216e-06, 4.972086984035929e-06, 4.720662952777119e-06, 4.504622512768188e-06, 4.450174842848199e-06, 4.447556605056437e-06, 4.61059791804666e-06, 4.702861968291124e-06, 4.403592776541282e-06]","[0.00023767628160888295, 0.00016262614571025975, 9.195624335639485e-05, 0.0005079727464315489, 4.6421190673427786e-05, 5.965021554190443e-05, 3.4920792638843176e-05, 3.8293730457954764e-05, 4.665559760666307e-05, 2.822209698022628e-05, 1.631847009639124e-05, 2.21729414375319e-05, 7.658265953741542e-05, 4.791004318781628e-05, 1.0051687798914058e-05, 9.067297065372882e-06, 6.0487841292412734e-05, 6.61494593863405e-06, 1.433625401780726e-05, 2.290420944415309e-05, 1.674841976493557e-05, 6.665465582566189e-06, 7.102732429074893e-06, 2.013032380317377e-05, 3.918038504403469e-06, 2.4888543363512868e-05, 8.087960706692551e-06, 7.274718820408522e-06, 1.1627888935034905e-05, 1.0705402006817644e-05, 5.087545507592385e-06, 9.58278361405574e-06, 1.7023715954284593e-05, 4.3584462226307395e-06, 4.073111306547222e-06, 5.940654604771413e-06, 2.670668385473657e-06, 4.515306907465884e-06, 2.7746843470910628e-06, 2.06288582093572e-06, 2.3791333720503e-06, 5.034582653126339e-06, 2.7333819642901047e-06, 1.946123855399972e-06, 2.09281824027568e-06, 1.842903081407155e-06, 7.264653002034886e-06, 1.1533078586685957e-06, 5.001919507487474e-06, 2.262710780399145e-06, 6.585245843932744e-06, 4.900818711101094e-06, 3.3191533820696447e-06, 1.3964153354051258e-06, 7.47746150009965e-06, 9.682069126703764e-06, 1.2313541719864896e-06, 2.826990785803843e-06, 2.031868274967943e-06, 1.8840231846139967e-06, 1.2242761186232037e-06, 1.2570313940820048e-06, 4.2443650201644524e-06]",COMPLETE
15,6.888509802614502e-07,2026-01-23 13:56:32.114024,2026-01-23 14:17:12.785516,0 days 00:20:40.671492,16,64,0.0005582400704764606,2,15,95,"[0.005115598752626076, 0.0006746630400087562, 0.0004383623146677067, 0.0003440238734469071, 0.00029130845907605944, 0.0002502926243769714, 0.0002312605171342826, 0.00020392339416834074, 0.0001817497375686972, 0.00016454490135748003, 0.0001550347800742224, 0.00013954413233402253, 0.00013177158510913604, 0.00012055975224684969, 0.00011601580207426893, 9.865471386817613e-05, 9.365755814088499e-05, 8.410776492448798e-05, 7.83972647900048e-05, 8.125265664804387e-05, 7.199488014781981e-05, 6.430286401438334e-05, 5.663836640363217e-05, 5.465598549668336e-05, 4.955600853704894e-05, 4.705947177687479e-05, 4.529703084151931e-05, 4.433581902116525e-05, 3.8901481614799906e-05, 3.129000579003757e-05, 2.877419597799676e-05, 2.600952398545083e-05, 2.245112205327582e-05, 2.46627375850449e-05, 2.1004329410824218e-05, 2.1928513457636158e-05, 1.546898914590312e-05, 1.6324960643748734e-05, 1.680108040865087e-05, 1.740541876977143e-05, 1.4833891648240895e-05, 1.650170829658249e-05, 1.4354849813977149e-05, 1.2912110486930637e-05, 1.2420269190816303e-05, 1.4441335251370992e-05, 1.3069299438183975e-05, 1.2754399257334188e-05, 1.5966914522195778e-05, 1.655186520960891e-05, 1.1202811085994463e-05, 1.1789898030674351e-05, 1.2791748530186878e-05, 1.3236565696283916e-05, 1.199426961598067e-05, 9.923072529303418e-06, 8.77590938302212e-06, 7.918038961105276e-06, 8.208731990594908e-06, 8.787811670724912e-06, 7.1624183340880745e-06, 6.568707582967474e-06, 7.118692883184741e-06, 6.286922375094386e-06, 6.866965783346239e-06, 7.234913879954633e-06, 8.420000214120343e-06, 7.113063772427186e-06, 7.628594496082904e-06, 4.798024875765771e-06, 4.584011984034356e-06, 4.7778860320778395e-06, 4.3105912811454016e-06, 4.743336809012668e-06, 4.541718514081452e-06, 5.339264122330415e-06, 5.3848242829694575e-06, 4.391299971201771e-06, 4.34800810803087e-06, 4.084209243979892e-06, 4.117093742763788e-06, 3.4260359250155817e-06, 3.338909691578774e-06, 3.2246607383894927e-06, 3.236840296839719e-06, 3.3103292156572e-06, 3.006125335113126e-06, 2.88346908694223e-06, 2.9849243965651213e-06, 2.9070616928138733e-06, 2.7238192089672357e-06, 3.0116507070719376e-06, 2.7078651512666653e-06, 2.6098821389753207e-06, 2.655991981264264e-06, 2.574114358821848e-06, 4.654545855999057e-06, 5.38502333531582e-06, 3.4233274695086127e-06, 4.361461309423357e-06, 2.255496076494678e-06, 2.411774692410752e-06, 2.1487449061246357e-06, 2.371304894487608e-06, 2.381106292204354e-06, 2.2600251295042e-06, 2.051918904495695e-06, 2.1891881606076263e-06, 3.946303117321079e-06, 3.0129550891285375e-06, 2.1493856244302145e-06]","[0.000559932546039504, 0.00037519697241854326, 0.00022355541245368542, 0.0001504083410034438, 0.00017568437774246871, 0.00011604220218805231, 0.00010245102300827467, 8.995502985674794e-05, 9.340274478528116e-05, 6.531277723877578e-05, 6.363424190988033e-05, 8.51965337031232e-05, 8.603007541586415e-05, 4.5781070326547124e-05, 4.27409740372388e-05, 4.101187264820014e-05, 7.664723147424826e-05, 3.525305233036347e-05, 2.9998700156660795e-05, 3.009614107933801e-05, 2.9275350505535197e-05, 3.1913358115598175e-05, 2.3120662920979835e-05, 2.3082832951492733e-05, 1.8757889210623618e-05, 2.1761855433433504e-05, 1.5916539897473867e-05, 1.6273155939908452e-05, 1.3227688059452215e-05, 1.7005870049896008e-05, 1.0971863996154173e-05, 1.09741473064794e-05, 9.266480896457918e-06, 1.1200391011861203e-05, 7.167411389908183e-06, 8.126742997742729e-06, 7.499591734806284e-06, 6.915809399025404e-06, 6.989812056622607e-06, 2.2366814169162036e-05, 1.0514568490172944e-05, 4.801639416569367e-06, 4.345810293364423e-06, 5.3414405802826655e-06, 1.803906586644534e-05, 4.828309412699132e-06, 5.2751565776124085e-06, 4.870697781679259e-06, 5.095692530909545e-06, 3.590811622183299e-06, 3.6515457454724037e-06, 4.7515443515757095e-06, 6.185968516640168e-06, 2.883452718185336e-06, 1.4665310773686151e-05, 2.7860719746170903e-06, 3.402045382614734e-06, 4.025593530926706e-06, 3.3522412039050944e-06, 5.050576691367449e-06, 3.975918452273765e-06, 5.800735437864037e-06, 3.7094090542116075e-06, 3.5544392879384203e-06, 2.3918864634886805e-06, 2.328513357919176e-06, 5.266887437545653e-06, 2.4213112253168085e-06, 1.3515289615734324e-06, 2.7923827886986353e-06, 2.895106927655209e-06, 1.5475006540785115e-06, 4.780461335852724e-06, 1.7171469331779868e-06, 7.622460959838272e-06, 2.4305837001364594e-06, 4.593010996021013e-06, 2.2985918971470306e-06, 6.581387222850061e-06, 1.225173723850344e-06, 9.671361378339056e-07, 2.5224740871593672e-06, 1.513127434750485e-06, 1.3712173840504525e-06, 1.9804703392090405e-06, 2.1066135777038517e-06, 1.5318347749754578e-06, 1.0152689791800268e-06, 1.565977811205041e-06, 1.764000789056798e-06, 7.745759393644969e-07, 8.223549080303692e-07, 7.989646304055171e-07, 7.759792270410944e-07, 2.514825032344009e-06, 6.888509802614502e-07, 1.371241384130475e-06, 1.9380289432049095e-06, 9.396488834995483e-07, 2.3349402904553286e-06, 1.5321794607625424e-06, 1.0504115575345509e-06, 8.633257794101439e-07, 8.992573283730595e-07, 1.09138104624471e-06, 7.752804265237501e-07, 2.8230755994955242e-06, 7.672963277808722e-07, 1.4393603654694246e-06, 1.5367120506052812e-06, 1.6252607313202455e-06]",COMPLETE
16,1.224196808910906e-06,2026-01-23 14:17:12.785516,2026-01-23 14:30:03.318531,0 days 00:12:50.533015,16,64,0.0023793537960598537,2,15,53,"[0.002456716410679578, 0.00038129894607156334, 0.0002739347884668155, 0.00021204238398887156, 0.00016229820187101286, 0.0001345392605077066, 0.0001108249951495478, 9.933363734841839e-05, 7.250582412509672e-05, 6.380295546895857e-05, 5.3761243815421183e-05, 5.457169047862976e-05, 5.197476422481266e-05, 4.570116105500455e-05, 3.1863862982150655e-05, 2.4799271020677794e-05, 2.4032169075708644e-05, 2.845574934810923e-05, 2.1358554876938584e-05, 1.9180065843209604e-05, 1.689974475517595e-05, 2.6404374748745222e-05, 1.9828787380191802e-05, 1.4744293634324863e-05, 1.5405902693557096e-05, 1.48865711553954e-05, 1.32683163273525e-05, 1.2622483754679432e-05, 1.1049750790710888e-05, 1.1343615626973674e-05, 1.018394835542778e-05, 1.1276450827185122e-05, 1.1216709920937677e-05, 9.315212158842127e-06, 9.921774674323776e-06, 9.384369452794123e-06, 7.820018387962475e-06, 9.226269073257915e-06, 8.40489388048897e-06, 8.560326471662832e-06, 7.450380725678125e-06, 7.351853579717627e-06, 7.0433841519278865e-06, 6.217369992494133e-06, 5.9025497798857424e-06, 6.356251775242343e-06, 6.449233289918942e-06, 2.26142967565804e-05, 5.692154297411457e-06, 1.3354443752841352e-05, 5.879956471391667e-06, 4.7860442450815344e-06, 5.92395545899212e-06, 5.661998247200601e-06, 4.609251908494649e-06, 4.97549155965611e-06, 5.2309924881539985e-06, 5.2744086038662655e-06, 4.9160898065149875e-06, 4.510880748952625e-06, 4.767076573339453e-06, 4.561066730328145e-06, 4.359710371547571e-06, 4.4689960622015754e-06, 4.008662173318891e-06, 4.403985616064106e-06, 4.397645751884085e-06, 3.93624077244261e-06, 4.110161132670757e-06]","[0.00020446894401220648, 0.0001928192424256604, 9.271020501698554e-05, 0.00021517998649662914, 0.00010856828412706363, 5.6774263370338344e-05, 3.466090422705621e-05, 3.413286756624078e-05, 3.0071905125194407e-05, 2.9873242963797763e-05, 1.4950847556193053e-05, 1.4790708581276634e-05, 2.3817754924926627e-05, 1.694720392917592e-05, 2.111499349749064e-05, 7.979694170000184e-06, 1.1777318346321058e-05, 7.119446604760863e-06, 6.708562781750866e-06, 7.5332929001979385e-06, 6.862764628483209e-06, 3.8067967685134985e-05, 9.644919696484505e-06, 5.51976450626665e-06, 1.4113433435814141e-05, 4.39422748192042e-06, 6.274723802285342e-05, 4.69930204691574e-06, 3.2607026829021296e-06, 2.9477851630705985e-06, 4.28503804643192e-06, 1.197894349600702e-05, 1.1354674319265194e-05, 3.659391065170079e-06, 6.272048093932021e-06, 2.2199103763663994e-06, 6.067621602649345e-06, 7.271334997836773e-06, 8.488472942474016e-06, 8.918846853496362e-06, 2.1287397673824184e-06, 2.5400379364750146e-06, 2.212864708308855e-06, 1.908746621674831e-06, 4.0382192045012e-06, 1.2355738280749604e-05, 3.7312501370704113e-06, 1.5724110102626421e-06, 1.4215343212842363e-06, 4.0445662996888885e-06, 1.319992653912665e-06, 1.9649933370962497e-06, 2.2860867490349788e-06, 1.224196808910906e-06, 8.153715478185407e-06, 3.465326800132953e-06, 1.0108306511687688e-05, 2.280707010987518e-06, 2.7837751691823158e-06, 1.7199794228872634e-06, 1.357289086470294e-06, 1.9362914294779224e-06, 1.4659531735483343e-06, 4.69367269572545e-06, 2.6633981293967677e-06, 4.24892422083206e-06, 1.2370325913688072e-06, 1.7801394163100479e-06, 2.933206925396403e-06]",COMPLETE
17,0.0006587216682308838,2026-01-23 14:30:03.319533,2026-01-23 14:30:25.826459,0 days 00:00:22.506926,16,64,0.00012974101406512513,2,15,1,"[0.00850930683963899, 0.0014772690210711678]","[0.001400000406601888, 0.0006587216682308838]",PRUNED
18,8.237015962022304e-05,2026-01-23 14:30:25.826459,2026-01-23 14:32:29.392949,0 days 00:02:03.566490,16,64,0.00043167397827743203,2,15,10,"[0.005496277086210296, 0.0008180171173248231, 0.0005549488691283202, 0.0004136237432847553, 0.00033852620678090627, 0.000294155444824072, 0.0002521659971296185, 0.00022405303308339032, 0.0002191302276185754, 0.000197568906212888, 0.0001888484885708421]","[0.0006159596004722858, 0.0003671624550312075, 0.00026046698238865604, 0.00019604226911519224, 0.00016474646087942253, 0.00013714251083863906, 0.00011241311183588067, 0.00011068082826156757, 8.55485532436692e-05, 9.958756869933435e-05, 8.237015962022304e-05]",PRUNED
19,6.087192558310815e-07,2026-01-23 14:32:29.392949,2026-01-23 14:48:56.537098,0 days 00:16:27.144149,16,64,0.000912398288744067,2,15,72,"[0.0034917920278367473, 0.0004777485317069199, 0.00031427344597565577, 0.0002583175767588188, 0.0002167587025338082, 0.0001956922610920992, 0.00016592911365301147, 0.00015007550565995746, 0.00013020659611957973, 0.0001190208146197149, 0.00010143908757066901, 9.689189698532164e-05, 8.64865872783079e-05, 7.932752087100833e-05, 7.184972501240003e-05, 6.719517184138567e-05, 6.019601645271724e-05, 5.1349848149180966e-05, 4.4619011728112114e-05, 4.1778998972033166e-05, 3.778497151163998e-05, 3.210398865889729e-05, 2.9202660292718623e-05, 2.5115786689932584e-05, 1.8653513186332282e-05, 2.0271746078546263e-05, 2.2159567551316578e-05, 1.8206694156346012e-05, 1.5451237715117496e-05, 2.0666138491655445e-05, 2.2187640302862844e-05, 2.2031818946912695e-05, 1.77785920705223e-05, 1.2132320808133378e-05, 1.284981710954604e-05, 1.1248847500127754e-05, 1.2665982281820936e-05, 1.1453936083167698e-05, 1.2491576642296687e-05, 9.934671251174399e-06, 9.05231917516574e-06, 9.321485648178408e-06, 1.1276115585551559e-05, 8.300834421781198e-06, 8.379034861029749e-06, 8.414007524504434e-06, 7.36744731657517e-06, 7.428879875517534e-06, 7.596199819383733e-06, 7.384396768725765e-06, 6.528650350559447e-06, 6.787442730884015e-06, 5.5452650372017296e-06, 6.312247610764078e-06, 1.0861703037410424e-05, 5.326559626730863e-06, 6.675350530520796e-06, 6.320725576277717e-06, 4.709588763909586e-06, 5.141550734620449e-06, 4.7084584256725215e-06, 5.383278091508152e-06, 6.0524930794125915e-06, 4.506562489754662e-06, 8.301887753620021e-06, 1.015755050339917e-05, 4.944409859551231e-06, 7.838803420775428e-06, 4.868040286527818e-06, 4.3477348206668525e-06, 4.053387935160863e-06, 3.253138106052593e-06, 3.4495756336233853e-06, 3.199799243376039e-06, 3.262527535843602e-06, 3.3386637878066332e-06, 3.727322885781302e-06, 4.070860442127485e-06, 3.130703111701007e-06, 3.04938415582727e-06, 2.787829444703102e-06, 3.0553248338069733e-06, 3.951826046146888e-06, 2.894116531799334e-06, 2.7331391215778773e-06, 2.828053886970146e-06, 2.7377181213207536e-06, 2.7863227389293616e-06]","[0.000321246066080453, 0.00019172511124653812, 0.00012773809913966535, 0.00014680474016205084, 0.00012237014378882967, 7.58971546212657e-05, 8.475390972910476e-05, 5.349312567166719e-05, 6.730774137864844e-05, 5.067133479718141e-05, 3.5235311064304134e-05, 3.105809094980773e-05, 3.295756017439522e-05, 2.5727095600414662e-05, 5.8713705230538814e-05, 2.359777015354703e-05, 3.3285219108765817e-05, 2.5899353452697493e-05, 1.8068562539031698e-05, 1.8612577271111407e-05, 1.0850106717548363e-05, 1.9870356306748155e-05, 7.956202469477849e-06, 6.575120118729023e-06, 6.631258957170132e-06, 7.061195336621237e-06, 1.2115631350468777e-05, 2.605428182841881e-05, 8.062365252047906e-06, 5.3143903193142285e-06, 0.00018500571516497232, 7.221193468879204e-06, 7.672243129301848e-06, 8.329151020841116e-06, 4.4390758569670915e-06, 8.01268931866271e-06, 3.850963214837646e-06, 6.9129300470101845e-06, 6.078396428438807e-06, 3.769264768591839e-06, 3.905128670030465e-06, 1.1444888902389969e-05, 4.172399706271396e-06, 3.8394438478145505e-06, 4.4469676764433176e-06, 2.3495621922538634e-06, 3.5036488678067033e-06, 3.122238057596882e-06, 3.3648804239563104e-06, 2.264099281470576e-05, 7.94216996202981e-06, 1.804124949455219e-06, 1.7604099264343489e-06, 1.0290788041227903e-05, 3.0718517762111833e-06, 2.265493681618396e-06, 7.446843362716862e-06, 1.333004899316727e-06, 2.2951492227984788e-06, 1.5555052142069192e-06, 9.155122969750244e-06, 2.236262175695231e-06, 1.200042020838898e-05, 3.8014161657889216e-05, 2.1546493935768964e-06, 7.989272817493007e-06, 2.567637666685127e-06, 3.293159696889747e-06, 4.615337605353905e-06, 1.3797680069225875e-06, 1.8468291560778325e-06, 1.4678558802744001e-06, 6.087192558310815e-07, 2.728408737297819e-06, 1.0458450313493155e-06, 4.696549239303394e-06, 2.5682464900942838e-06, 6.952604031352891e-07, 1.2136810865413878e-06, 4.603040597798667e-06, 1.7010397195803998e-06, 1.6452494942699461e-06, 8.042443470086291e-07, 1.1466253661165622e-06, 1.6814519759982729e-06, 1.187385298140438e-06, 9.59784073453361e-07, 3.89166515260986e-06]",COMPLETE
20,0.0005643342696472905,2026-01-23 14:48:56.537098,2026-01-23 14:49:19.183682,0 days 00:00:22.646584,16,64,0.0001548621932004584,2,15,1,"[0.010119174923187983, 0.0013184047556506868]","[0.001349613656461919, 0.0005643342696472905]",PRUNED
21,0.0002858170649063233,2026-01-23 14:49:19.183682,2026-01-23 14:49:37.248250,0 days 00:00:18.064568,32,64,0.0008384766597505195,2,15,2,"[0.007083127095143469, 0.0007441695276544961, 0.0005202407624925624]","[0.0005575055265878793, 0.00031424376770447103, 0.0002858170649063233]",PRUNED
22,0.000585343369930132,2026-01-23 14:49:37.248250,2026-01-23 14:49:49.378367,0 days 00:00:12.130117,32,64,0.00047850530746052335,2,15,1,"[0.009233529434191982, 0.0013015093367462851]","[0.001177234356901707, 0.000585343369930132]",PRUNED
23,8.984796413870283e-05,2026-01-23 14:49:49.379368,2026-01-23 14:50:55.415022,0 days 00:01:06.035654,32,64,0.0014113534615497554,2,15,8,"[0.00569645380731328, 0.0006540958835305897, 0.00043874717625693463, 0.0003361152291034268, 0.0002807921383717214, 0.00024362070866141427, 0.00021257173737258866, 0.000193153068161436, 0.00017607176341881515, 0.00015864988031185782, 0.00013985269359081894]","[0.0006164900431080196, 0.0003053088745106548, 0.00018666470425934346, 0.00013998572226815189, 0.0001310953852162707, 0.00015254500381765628, 8.047366044696609e-05, 8.593895296645369e-05, 7.939953848774328e-05, 8.767615448704137e-05, 8.984796413870283e-05]",PRUNED
24,3.6269556020668528e-06,2026-01-23 14:50:55.415022,2026-01-23 14:58:55.618189,0 days 00:08:00.203167,16,64,0.002709268450979051,2,15,27,"[0.0023381901201490903, 0.00038773683837828397, 0.000290273541096042, 0.0002201322053226248, 0.00018432494563643125, 0.0001375163256910709, 0.00012100972339347031, 0.00011074711989205588, 8.436023469740767e-05, 9.090520768297665e-05, 6.589836526674183e-05, 5.696119088474683e-05, 5.369569552277324e-05, 4.0385108603021596e-05, 4.534886897826831e-05, 5.248256177384742e-05, 4.4738761380795634e-05, 3.7674397144035654e-05, 2.2456406178603863e-05, 2.1923499511461535e-05, 3.6934052309822295e-05, 2.369175276751536e-05, 1.8275169575510247e-05, 1.8848271509252933e-05, 2.0308528522105143e-05, 1.4716331504008415e-05, 1.4292906833864946e-05, 1.4274267803687687e-05, 1.3318235273360568e-05, 1.3168291214647095e-05, 1.2298742504942287e-05, 1.147833166827366e-05, 1.085803295614788e-05, 1.1304528676733888e-05, 1.0506621037041414e-05, 9.938279888773012e-06, 2.327498925878563e-05, 3.093331319587304e-05, 9.209701444574169e-06, 8.595405787359782e-06, 8.2124295209829e-06, 8.119206478523591e-06, 8.586675947123614e-06]","[0.00021421126143431277, 0.00011740110585729195, 0.00018979478805557074, 8.016818290287432e-05, 5.660580526688024e-05, 4.602588750404056e-05, 4.683298498891132e-05, 3.2378725501620674e-05, 6.750440291631332e-05, 2.6633082030205098e-05, 2.3453085941056965e-05, 2.054124463234469e-05, 8.57885414266242e-05, 3.54293235952586e-05, 1.6154945481227966e-05, 1.1793155402534705e-05, 1.0123156368355504e-05, 1.899618418168466e-05, 8.970689610255678e-06, 7.946581347355776e-06, 9.398330530880554e-06, 4.669589146892655e-06, 8.381329275563392e-06, 7.68324363244523e-06, 1.1048621562270198e-05, 1.5322777611929797e-05, 7.569728158245573e-06, 3.6269556020668528e-06, 5.85583066311613e-06, 7.681373915492783e-06, 9.538371377752258e-06, 4.365437290339208e-06, 4.512244518108584e-06, 2.001120981254567e-05, 8.63044279956981e-06, 5.431979572960826e-06, 5.12467852473993e-06, 7.424380263288529e-05, 6.169051131427065e-06, 3.688499831475588e-06, 1.8059788502575635e-05, 3.7723153590515917e-06, 4.58028181879514e-06]",COMPLETE
