number,value,datetime_start,datetime_complete,duration,params_BATCH_SIZE,params_HIDDEN_SIZE,params_LEARNING_RATE,params_NUM_LAYERS,params_WINDOW_SIZE,user_attrs_best_epoch,user_attrs_train_loss_history,user_attrs_val_loss_history,state
10,7.131537093494361e-07,2026-01-23 12:30:19.598750,2026-01-23 12:47:34.267360,0 days 00:17:14.668610,16,64,0.0006228997444898865,2,15,77,"[0.005087127746799633, 0.0006677673643186356, 0.00047484496367367144, 0.00033729427962968846, 0.00028412024647276576, 0.00024077357353202288, 0.00021516345309625584, 0.00018889585511532822, 0.00017740996918918524, 0.00015689882347282998, 0.00014796864112070536, 0.00013665058642146866, 0.00012368715706899915, 0.00011369154196464798, 0.00010277281731771984, 0.0001042913487434391, 9.091830383710028e-05, 8.172863750340067e-05, 7.491609092236406e-05, 6.851131122498533e-05, 6.467883316314269e-05, 5.342710398566272e-05, 5.140903749723473e-05, 4.850158820539002e-05, 4.1305038029983546e-05, 3.407656001214168e-05, 3.0072379201212547e-05, 3.0733262738411504e-05, 2.6204250823772636e-05, 2.8854140652595926e-05, 2.4189279568339048e-05, 1.7915789377496434e-05, 2.049229467786449e-05, 1.9737304246864723e-05, 2.3537952239036316e-05, 2.0748359461505417e-05, 1.929963934532405e-05, 1.4770142980778492e-05, 1.3703506540595837e-05, 1.5011074308429509e-05, 1.6632830228179258e-05, 1.3053027951824005e-05, 1.1502085273744764e-05, 1.2368356429028938e-05, 1.174867041886537e-05, 1.0629543417289794e-05, 1.0480180152294339e-05, 1.0314898300316692e-05, 1.2324324094344434e-05, 1.4117157272387381e-05, 1.1394932560662837e-05, 1.2122540940274292e-05, 8.577191246654046e-06, 7.121845684407904e-06, 6.788199141035303e-06, 6.581329218407148e-06, 6.606510225736107e-06, 6.1772665962535835e-06, 8.2668680216636e-06, 7.729027494842252e-06, 8.069865291594461e-06, 6.880291879113294e-06, 7.085990433625774e-06, 7.008932924511713e-06, 7.537531000874714e-06, 4.268528665096125e-06, 4.126046982536407e-06, 3.508126319310071e-06, 3.581898478708992e-06, 3.515695967853805e-06, 3.91434605606399e-06, 3.558238194134102e-06, 3.468453473181939e-06, 3.214274785805713e-06, 3.41282936131246e-06, 3.438445469082932e-06, 3.3518420452792483e-06, 3.693309062086384e-06, 3.5580978687737936e-06, 3.818874659204375e-06, 2.999641361774942e-06, 3.662340202296293e-06, 3.0856783597510683e-06, 3.381106374677381e-06, 3.3642883501126867e-06, 2.7515621740110155e-06, 2.746517601797816e-06, 2.7285555895442845e-06, 2.726991565760156e-06, 3.5406478210918457e-06, 2.7677631687538316e-06, 2.5123027307850484e-06, 2.673329473647614e-06]","[0.0004947209972266901, 0.00030637140927956526, 0.00020917209628994104, 0.000188555606935811, 0.00013401747009415124, 9.858729164309269e-05, 0.00012522457948346849, 8.080750356240973e-05, 6.88909355284065e-05, 6.0599315792158076e-05, 5.6842673149629485e-05, 6.14248680425579e-05, 5.953164128468608e-05, 3.874720898334099e-05, 3.920552154009636e-05, 3.733913963988226e-05, 3.0253653814921382e-05, 3.8896400846746395e-05, 0.0002452325470673112, 2.3776877064768354e-05, 3.406511935584907e-05, 2.3285396678682145e-05, 1.5275322661320583e-05, 2.2040646403050744e-05, 2.1310192442378592e-05, 1.1117126118707436e-05, 1.57120711249829e-05, 1.0402537321840972e-05, 1.1274383542129758e-05, 7.808734136646963e-06, 7.2628738643584826e-06, 9.545716226523405e-06, 3.152991813366496e-05, 5.5405182717807505e-06, 8.753696953996086e-06, 8.420012871981142e-06, 8.549914392409959e-06, 6.28357212474406e-06, 8.246505829601626e-06, 3.962390157889234e-06, 7.024040231041132e-06, 1.0402230484789806e-05, 6.332230222280683e-06, 3.908514244233809e-06, 7.380797260487977e-06, 3.4175409307965086e-06, 3.6825955101585613e-06, 5.3541548672709195e-06, 2.7432744060742693e-06, 1.598904322216918e-05, 9.003719034952152e-06, 2.6724841043544077e-06, 4.839861872011145e-06, 1.3253545947566379e-05, 5.1114615154314705e-06, 1.1374969657172993e-05, 4.693402703505048e-06, 3.163471076860019e-06, 2.3737904752192794e-06, 3.1151031886340577e-06, 2.618185734462431e-06, 5.3964421145470145e-06, 5.770765875785609e-06, 4.563698318330959e-05, 1.1331886557894316e-06, 5.571424971110301e-06, 3.0472510858871234e-06, 3.5394820766145033e-06, 1.1032918818183801e-06, 2.5695359641033348e-06, 8.456426434681055e-07, 1.7371054222428111e-06, 1.9508686400276823e-06, 1.8775930660535033e-06, 6.177205785781539e-06, 2.010669741901575e-06, 1.1232586938987848e-06, 7.131537093494361e-07, 3.151720584386311e-06, 3.153962427163667e-06, 1.8556556947146198e-05, 1.155973903837855e-06, 2.7506490848259047e-06, 1.9077729845963553e-06, 8.289609648032666e-07, 8.032788788715925e-07, 1.984735235320757e-06, 1.5741354068778652e-06, 1.1122113844166804e-06, 1.0631565592453707e-06, 1.1058148641501048e-06, 3.3088224080948295e-06, 1.279139106966082e-06]",COMPLETE
11,4.3972344114868177e-07,2026-01-23 12:47:34.267360,2026-01-23 13:12:04.463530,0 days 00:24:30.196170,16,64,0.0005743921379695773,2,15,116,"[0.00460456020493148, 0.0006734512679019121, 0.0004155126057732525, 0.0003271365260476043, 0.00027173980727225063, 0.00023645996165819826, 0.000213086791165361, 0.00019482547431687062, 0.0001748835092441379, 0.0001653066238675729, 0.00015435529969579935, 0.00014565339634950412, 0.00013730452877366563, 0.00012696204491471818, 0.0001230532746616798, 0.00010714862372813596, 0.00010333653368483432, 0.00010050463464433593, 8.970197628736385e-05, 8.06201879410132e-05, 8.014543435241073e-05, 7.214258626987882e-05, 6.79795386868935e-05, 6.520074598019972e-05, 6.0718054236220235e-05, 5.0812213512955757e-05, 4.86817428192659e-05, 5.17174484184396e-05, 4.362320410155128e-05, 3.655397970679714e-05, 3.756892945703352e-05, 3.553803706674462e-05, 3.542116685141088e-05, 2.6219474788681048e-05, 2.9707574431494594e-05, 2.6387607995373574e-05, 2.4576157514841715e-05, 2.3946958494975593e-05, 2.1524816888642544e-05, 1.8781365568318406e-05, 1.92164634462583e-05, 2.1674223717158798e-05, 1.9414248905829718e-05, 1.912667399617968e-05, 1.989242420374738e-05, 1.807175565478229e-05, 1.572635215982383e-05, 1.4532485175404266e-05, 1.3076363262637901e-05, 1.1722720023329275e-05, 2.160733166775854e-05, 1.6718314719350547e-05, 1.5225280617235279e-05, 1.0394327790634555e-05, 9.549357137707345e-06, 8.876973905204274e-06, 1.290487468640778e-05, 1.0348878453396198e-05, 1.1179958340564285e-05, 1.4807695823195148e-05, 1.4150136952574547e-05, 8.397278947433772e-06, 7.150869829913936e-06, 7.49421557782142e-06, 7.028602993456702e-06, 6.325183353264985e-06, 7.317303395584831e-06, 1.0835104629320103e-05, 8.022447600064774e-06, 7.340165876631993e-06, 6.33694644534667e-06, 6.150102583027132e-06, 5.729948366630375e-06, 5.90486237230453e-06, 7.5605959379988095e-06, 5.000874601238121e-06, 7.373621641414634e-06, 4.346567419803856e-06, 4.3233275575884385e-06, 5.171441803759118e-06, 4.971935906696819e-06, 6.2643600553415365e-06, 1.1028444129788724e-05, 7.723381073546972e-06, 3.7044835471641702e-06, 3.6374523354775727e-06, 2.959102312867772e-06, 2.729538761241253e-06, 2.4738507989364074e-06, 2.744493617563297e-06, 2.9002603280897322e-06, 2.6348832367836983e-06, 2.5693138405831656e-06, 2.6541117581216096e-06, 3.399898719587381e-06, 4.114411223160043e-06, 2.1728117082593732e-06, 2.1306238318149166e-06, 2.5080727268284517e-06, 2.3351400823158745e-06, 2.281632448142365e-06, 2.3609980423522783e-06, 2.5566839839023256e-06, 2.3349182894173412e-06, 2.7965763293824977e-06, 5.254949462843585e-06, 2.2901977178145088e-06, 2.2684287824136076e-06, 2.1781933222698163e-06, 2.381422547947995e-06, 2.2884359418222524e-06, 2.0867202973528952e-06, 1.9369511648765035e-06, 1.8115725892735185e-06, 1.9508570867778102e-06, 1.892485014598208e-06, 1.9781854954373616e-06, 1.931221658916967e-06, 2.1091807772802634e-06, 2.1636383211859054e-06, 1.916495113192806e-06, 1.9617774422964612e-06, 1.7483899887845998e-06, 1.808737076394273e-06, 1.9376132549444133e-06, 1.946047614902542e-06, 1.8871134134767734e-06, 1.6667486037619755e-06, 1.5390463694470453e-06, 1.8219961069392544e-06, 1.713831710758464e-06, 1.6037076884921504e-06]","[0.0006592801900277487, 0.00026087484547342036, 0.0002255866440853193, 0.00015852983519510912, 0.0005426837311611692, 0.00010143422180893442, 8.785440647192872e-05, 8.31371699704065e-05, 7.009032066656562e-05, 6.829419597121292e-05, 7.328483984486679e-05, 6.456916944549091e-05, 7.342480486196059e-05, 0.00014411154503295707, 4.50322507106741e-05, 7.023703530582482e-05, 4.241497024040497e-05, 4.060184551586059e-05, 3.6973798395731336e-05, 4.7163146417230224e-05, 3.1918859072510165e-05, 2.7727118070749152e-05, 2.7517111859919017e-05, 8.99207662981226e-05, 2.157890250262545e-05, 2.2945570013367136e-05, 1.982231614996555e-05, 1.8581831151702016e-05, 1.3572712356872286e-05, 3.2744947451636505e-05, 1.2971372112405893e-05, 1.3628306884420313e-05, 4.21325431508371e-05, 1.990764500860082e-05, 2.2161823055814136e-05, 6.698456551101691e-06, 8.018376358804026e-06, 9.574041182978662e-06, 1.1108500297906492e-05, 4.5087189760768606e-06, 1.685198729035493e-05, 2.181111196095991e-05, 7.933250829187544e-06, 7.129930522689904e-06, 4.5755266144620826e-06, 1.0007552142753221e-05, 6.238195368433149e-06, 5.960208536047983e-06, 6.058816085453622e-06, 8.921213074821855e-06, 9.20696505862677e-06, 3.1793034854944064e-06, 4.8089474032048184e-06, 6.5034156072607945e-06, 5.09149450598721e-06, 5.76772575152452e-06, 1.885737919091121e-05, 4.118132096883389e-06, 3.9802197922456135e-06, 7.342353619921433e-05, 1.5630300059352813e-05, 2.6639803354643246e-06, 6.876162053217364e-06, 2.77956118823564e-06, 4.263081716224735e-06, 3.2381569704469506e-06, 2.080501201110587e-06, 1.8559419110762994e-06, 2.964067280363224e-06, 2.659815739291376e-06, 3.5900687853760325e-06, 4.992000751690897e-06, 4.542489050313748e-06, 1.8774486897934659e-06, 2.094394943094511e-06, 5.991201288208847e-06, 1.3326302320324176e-05, 2.8374906219711378e-06, 3.771840598217221e-06, 1.5777441126659234e-06, 1.2598730591295698e-05, 2.4769555924954385e-06, 1.4109940607936648e-06, 5.014077354686599e-06, 1.1682825602689204e-06, 2.137722826344487e-06, 1.6684033412774746e-06, 2.1102201959200906e-06, 1.1340573948003677e-06, 4.408949556773135e-06, 3.30015687608718e-06, 2.2113191642265012e-06, 8.182846688112701e-07, 6.205254131536705e-07, 1.92739635167527e-05, 2.1435639287986993e-06, 6.231186453534031e-06, 8.525261227943548e-07, 1.64524818413319e-06, 1.2418220497760723e-06, 1.26283160202258e-06, 1.1225020487955434e-06, 6.095780859333851e-07, 5.127113037327172e-07, 1.358859854682861e-06, 1.8466106806427013e-06, 6.067863988463612e-07, 2.3152165837677303e-06, 5.788035747970029e-07, 1.013585665598161e-06, 9.998068612809862e-07, 2.806024744620638e-06, 5.674129067778345e-07, 5.114214091891533e-07, 1.7260160744786242e-06, 7.718454914231052e-07, 4.3972344114868177e-07, 7.234114322825387e-07, 9.703023762840934e-07, 7.472660387422456e-07, 9.500127240324793e-07, 1.0263751304721684e-06, 6.22656011005531e-07, 7.084504133531385e-07, 6.930609041049388e-07, 1.4045948810436656e-06, 5.62796482010223e-07, 1.8957198966419691e-06, 7.668071734042665e-07, 1.0822569086254283e-06, 5.873531361265049e-07, 1.508808151425132e-06]",COMPLETE
12,2.670847886968892e-07,2026-01-23 13:12:04.464532,2026-01-23 13:44:26.839880,0 days 00:32:22.375348,16,64,0.0005859354363551846,2,15,158,"[0.004481218690497384, 0.0006663863653377357, 0.000440522282849163, 0.000337635846082757, 0.00027561929104931844, 0.00024284623847352574, 0.00021038418479161147, 0.00019528886960328384, 0.00018360188460387591, 0.00016463381758169619, 0.00015163610985356147, 0.00014541346695740146, 0.00013428004129572974, 0.0001224607316859154, 0.00011063772399286511, 0.0001062206590336558, 0.00010446331841384976, 8.489627591947246e-05, 7.957950743879093e-05, 8.547576674795903e-05, 7.162258338994064e-05, 6.61345639766335e-05, 6.789241702147945e-05, 5.515731779105507e-05, 5.479666956291802e-05, 4.517062778054866e-05, 4.4796550546980606e-05, 3.475994325291138e-05, 3.3803172867438695e-05, 3.4582220629246875e-05, 2.4588920103048266e-05, 2.093921589725651e-05, 1.813757959348571e-05, 2.1077252990016413e-05, 2.147059903837092e-05, 1.686039566984237e-05, 1.5112103473907203e-05, 1.537330353407015e-05, 1.4666153532746678e-05, 1.706190285709901e-05, 1.472484381066379e-05, 1.581963068312081e-05, 1.4020888302934385e-05, 1.3493732174605871e-05, 1.7575882880897192e-05, 1.326992855131613e-05, 1.0075456186522943e-05, 9.765978142905066e-06, 9.497595665661497e-06, 9.655936829846185e-06, 1.1001384728563515e-05, 1.443619621390365e-05, 1.0403892784996046e-05, 7.5818218712696794e-06, 7.210600786951182e-06, 7.222203374190314e-06, 6.846646871493997e-06, 7.793120377689262e-06, 1.1979340312987603e-05, 1.0970875968912556e-05, 8.042107524373992e-06, 5.0104165717645815e-06, 5.181903625077584e-06, 5.7270041496328404e-06, 4.846438316619752e-06, 4.819689301676696e-06, 4.605496597632174e-06, 4.359363745373697e-06, 4.121444853199933e-06, 3.554350563806354e-06, 3.5139915789661765e-06, 3.356412427234312e-06, 5.683204746595164e-06, 3.659414084926471e-06, 5.011467256736601e-06, 2.7152113412643567e-06, 3.0674344854478353e-06, 2.991033096949598e-06, 3.3067094412551486e-06, 3.0548181222014755e-06, 2.6736217271474717e-06, 2.9928839873506473e-06, 3.287121216827013e-06, 2.6385779056697153e-06, 2.7853370816690484e-06, 2.748885568069645e-06, 3.2028523518031002e-06, 4.8004710443001e-06, 3.908738591878874e-06, 5.1162674617132475e-06, 2.4426115434442084e-06, 2.6273606694053633e-06, 2.4598537244598214e-06, 2.2909033375376763e-06, 2.3675611037999557e-06, 2.393041482389211e-06, 2.1978303118586922e-06, 2.1644623585536964e-06, 2.5278455626227764e-06, 2.554726557312209e-06, 2.2404322153539715e-06, 2.5170895559664764e-06, 2.1042327544845813e-06, 2.2381724041462397e-06, 2.2770638265470753e-06, 2.259828290014571e-06, 1.9894981873529833e-06, 2.153026804417048e-06, 2.146714904672558e-06, 2.1097415071653567e-06, 2.0327154615172306e-06, 2.0605734692463765e-06, 1.8611392349327356e-06, 2.009414392381329e-06, 2.0028061380790897e-06, 2.00754831329067e-06, 1.8853274385988946e-06, 1.9666925501496907e-06, 1.9088228071973177e-06, 1.933855399393447e-06, 2.122602649760199e-06, 1.962952475524897e-06, 1.9622535037534555e-06, 1.7492759540576983e-06, 1.9558340564563376e-06, 1.8314656728128066e-06, 1.9130030843732344e-06, 1.6206386007688938e-06, 1.7359080701341823e-06, 1.750538490994946e-06, 1.6186067114858275e-06, 1.6984867047375956e-06, 1.5947820497238254e-06, 1.598945253807611e-06, 1.5518756130029488e-06, 1.6006343955620639e-06, 1.5337509391982574e-06, 1.5742254045099836e-06, 1.8045657267335666e-06, 1.707834940118821e-06, 1.5042637613743586e-06, 1.9949799913000084e-06, 1.5004166819425928e-06, 1.5459905430383467e-06, 1.4359077404570924e-06, 1.4342474655957503e-06, 1.5836554949568909e-06, 1.5016414777170553e-06, 1.3927022253596616e-06, 1.4472584554101504e-06, 1.56453769787321e-06, 1.3499337959439402e-06, 1.4192975906867765e-06, 1.5822102706826328e-06, 1.4583717550499671e-06, 1.3618061373123154e-06, 1.3494248968568704e-06, 1.4020853469158824e-06, 1.3316558134956854e-06, 1.3158830128668617e-06, 1.3569721203653484e-06, 1.397194759991127e-06, 1.5629680416139019e-06, 1.3098834923536299e-06, 1.3567256857379973e-06, 1.3154089812710611e-06, 1.3546255365829086e-06, 1.2151408662198491e-06, 1.3759466473399183e-06, 1.3175982706498028e-06, 1.282957801021756e-06, 1.369820074113835e-06, 1.293961784343991e-06, 1.3068381175184579e-06]","[0.0005160797622123314, 0.0002568191694589374, 0.00019373025510388135, 0.00019876499721605012, 0.00012929406873875648, 0.0001176721176475413, 0.00011163267501233314, 9.485041523379575e-05, 8.155042380310984e-05, 0.00010708632384446406, 6.164291038998085e-05, 6.944079876222307e-05, 7.986317221520545e-05, 5.313179989919654e-05, 4.918305180029223e-05, 7.141000364465146e-05, 3.935198382086179e-05, 5.460035029575785e-05, 3.257542479339197e-05, 5.8255302941134814e-05, 2.5095289601861785e-05, 2.9258897960172714e-05, 2.2525565657119904e-05, 2.347048683485755e-05, 2.757187945700973e-05, 1.7057236971819866e-05, 1.1924371808718924e-05, 2.1859986535321437e-05, 9.56528661610547e-06, 1.8907596012098518e-05, 7.351937971076332e-06, 7.760607235492875e-06, 8.020508977116328e-06, 1.9457360933743576e-05, 5.842001902086243e-06, 6.084755917682305e-06, 6.36138249910187e-06, 1.690204733848827e-05, 6.769476307688991e-06, 1.0323233226855776e-05, 3.950081421751428e-06, 4.914872491130775e-06, 4.6375917655042e-06, 5.359112028933021e-06, 3.822675911287801e-06, 3.5580502312926375e-06, 7.898415884458723e-06, 3.615140479721149e-06, 2.8368321660977113e-06, 5.17147087527286e-06, 2.686360639046863e-06, 4.082898882847503e-06, 3.7840871605787297e-06, 7.6193351897403675e-06, 2.386019226314304e-05, 3.390946034132674e-06, 2.3186165626848484e-06, 3.3410837415154283e-06, 1.9053797223417428e-06, 3.656329091569268e-06, 2.570691380301933e-06, 4.829468347275356e-06, 1.1141532360400462e-05, 1.500257086401009e-06, 1.9672726198626295e-06, 1.4203988541137238e-06, 5.369967871599271e-06, 3.81771894063711e-06, 2.1580907515457727e-06, 1.1402926077919772e-06, 3.0094863211681746e-06, 2.079510952556055e-06, 8.398325215807526e-07, 1.294138379243734e-06, 1.4552476600390435e-06, 4.000437515119766e-06, 1.1892696087918594e-06, 7.310421436773447e-07, 8.27403958831458e-07, 1.6981169442313151e-06, 7.980192295013057e-07, 1.8667830272446428e-06, 3.221241214526139e-06, 1.3567742182776836e-06, 7.489463506849259e-07, 1.363780267019907e-06, 6.072041573960158e-07, 1.455957356202152e-06, 1.4823138354671254e-06, 2.8828606913493035e-06, 1.1358783990238237e-06, 1.1441674561921588e-06, 7.49298790943877e-07, 9.692522407782439e-07, 6.3935909690191275e-06, 1.2227437617759264e-06, 1.0357464463590276e-06, 1.8759654066692227e-06, 1.1734356700399707e-06, 5.607184510956782e-07, 4.769098866741975e-06, 1.6951616543371173e-06, 1.6988206713425815e-06, 5.621444792612795e-07, 1.4077650351730238e-06, 1.1149542127780326e-06, 6.993607808117357e-07, 1.7502645986845372e-06, 1.0390192410836167e-06, 1.7837655594739912e-06, 4.1506844148318336e-07, 8.625237999279628e-07, 1.2444237059185727e-06, 4.7422086739934034e-07, 3.2595588615562053e-06, 3.647673112651259e-07, 7.564326736624314e-07, 6.967278774366452e-07, 2.588811755493274e-06, 3.646067928431932e-07, 1.5092389691643118e-05, 1.1540731329642524e-06, 8.694454707482813e-07, 2.4861510437158584e-06, 1.5834214418374675e-06, 1.5237206406690171e-06, 4.1040133012898065e-07, 9.79694162373236e-07, 1.4172954845395586e-06, 5.109147971745577e-07, 3.7401465945909833e-07, 1.0381599954712547e-06, 6.456999561639309e-07, 3.2950704688097977e-07, 1.7043225283301363e-06, 7.944399160048879e-07, 4.461134628105629e-07, 9.583352385361966e-07, 6.594323848764006e-07, 2.4074005292629666e-06, 6.372699687446114e-07, 2.706205115985037e-06, 3.578698039031108e-06, 1.0854542853309386e-06, 1.1634511653555784e-06, 5.754736111181933e-07, 6.960244847048737e-07, 1.1401533605826243e-06, 3.177650576597519e-07, 2.2954223381211723e-06, 8.057258219590518e-07, 9.12672958060922e-07, 1.3104201702617064e-06, 4.376101314998036e-07, 3.9401291128947144e-07, 4.855161419484642e-06, 1.8108052066042103e-06, 1.161353729450467e-06, 2.670847886968892e-07, 1.6787543537074496e-06, 6.348233755344191e-07, 4.896304272599629e-07, 5.263148392125551e-07, 3.7237340713216113e-06, 4.109252085237238e-07, 5.157206333865229e-07, 5.143379849091169e-07, 8.896299692464962e-07, 4.1809723982997096e-07, 1.0300758955187516e-06, 1.4463556340051197e-06, 3.637745037710211e-07, 1.188688474151557e-06, 6.276584373339791e-07]",COMPLETE
13,0.0006448309712435456,2026-01-23 13:44:26.839880,2026-01-23 13:44:49.333384,0 days 00:00:22.493504,16,64,0.00010946834205947733,2,15,1,"[0.009692995164653006, 0.0014528944706670391]","[0.0013347420963170033, 0.0006448309712435456]",PRUNED
