number,value,datetime_start,datetime_complete,duration,params_BATCH_SIZE,params_HIDDEN_SIZE,params_LEARNING_RATE,params_NUM_LAYERS,params_WINDOW_SIZE,user_attrs_best_epoch,user_attrs_train_loss_history,user_attrs_val_loss_history,state
25,5.899103100758678e-07,2026-01-23 14:58:55.619201,2026-01-23 15:18:35.510677,0 days 00:19:39.891476,16,64,0.0006780492760219864,2,15,89,"[0.003935964187870525, 0.0005713089009951574, 0.00038461004400002847, 0.00028818328817621224, 0.00024265033928835437, 0.00021722082414482575, 0.0001935297391508016, 0.0001778909627178064, 0.00015536416815363117, 0.0001471988946741266, 0.00013323157215489251, 0.00012484752068986905, 0.00011192419139845926, 0.00010776349649999104, 9.486960576580411e-05, 8.364732027090671e-05, 8.311621942819844e-05, 6.813132025875363e-05, 6.365239403856363e-05, 6.049165818030777e-05, 5.6524951196689335e-05, 4.290800141307982e-05, 4.7076921970342486e-05, 3.799832602817357e-05, 3.43456454498439e-05, 2.6315455534850802e-05, 2.7462907981218463e-05, 2.5884484521303336e-05, 3.074890673716677e-05, 1.97706182884282e-05, 2.267959144213981e-05, 2.0658397418848757e-05, 1.8546073684952513e-05, 2.3576109849458224e-05, 1.9427836668366447e-05, 1.5105030976553417e-05, 1.872157999518891e-05, 1.4435599204979048e-05, 1.278497332503795e-05, 2.443334862867568e-05, 1.4791321155032606e-05, 1.4300842299420587e-05, 1.244630681176094e-05, 1.1983576056693876e-05, 1.04732643831771e-05, 9.446232589257056e-06, 9.374071764081145e-06, 8.283194661248233e-06, 8.520008786473945e-06, 7.50513414334134e-06, 7.325150174368579e-06, 6.599809137056839e-06, 7.621660119787701e-06, 6.637807763586912e-06, 7.448385684840206e-06, 6.435707098775891e-06, 8.011285049586233e-06, 4.418117614105553e-06, 4.3299487541243795e-06, 4.141204177112058e-06, 4.6864817096802805e-06, 4.127682522122013e-06, 5.967311393938542e-06, 1.09338794880613e-05, 4.676484762219997e-06, 6.572990780021251e-06, 3.8050339181294758e-06, 3.6186258729568086e-06, 3.2781565651294344e-06, 4.184137725873755e-06, 3.8801445411660075e-06, 3.284906266089771e-06, 3.7279966565381923e-06, 3.5582703871849167e-06, 3.408645375862896e-06, 3.6500368314411594e-06, 3.838662848385961e-06, 6.275800906470843e-06, 3.3068110053206175e-06, 3.4336747697603325e-06, 2.8912294689782626e-06, 3.830493813459207e-06, 4.086069799849977e-06, 2.6065103583159285e-06, 3.256597276060213e-06, 3.195116100381047e-06, 2.617666590770774e-06, 2.8354870194871907e-06, 2.501638477664098e-06, 2.9365529446968514e-06, 2.8694804347750053e-06, 2.810570084644491e-06, 2.7604170546955637e-06, 2.50285875528868e-06, 2.5624118529171165e-06, 2.655607763076213e-06, 3.1688134312050465e-06, 2.7115118769662275e-06, 2.705185266051709e-06, 2.2968916577527646e-06, 2.731774858172947e-06, 2.321523153917032e-06, 2.407724232600603e-06, 2.6558776685045675e-06, 2.3690729651031546e-06]","[0.00045991038777225073, 0.00026675756332622205, 0.00017066806223829366, 0.00012822687391876754, 0.00011030307186974158, 9.644097431831393e-05, 8.076586064240554e-05, 6.800184897999906e-05, 0.00014857577248826364, 0.00025712700294829125, 4.908842385163144e-05, 4.764211107411411e-05, 5.3146350741080963e-05, 3.785551731725683e-05, 3.725836856674347e-05, 3.48445899989918e-05, 2.787667778204672e-05, 0.00020676262127500213, 2.051894832723507e-05, 4.197071585957033e-05, 1.6841036850163407e-05, 1.8155965334294625e-05, 1.3787524352601973e-05, 1.8026629668086067e-05, 1.1197109535262726e-05, 1.4788656095537142e-05, 2.637380019640272e-05, 1.900754565609034e-05, 1.6551095976688336e-05, 7.70086255000029e-06, 8.775767127223488e-06, 7.658424351356327e-06, 1.982260959431294e-05, 1.2217876428096101e-05, 5.068941229633477e-06, 7.15931613177875e-06, 5.357201554263528e-06, 4.91064689506932e-06, 2.425238618064797e-05, 5.637973415827068e-06, 5.678963524542181e-06, 1.0406105454214995e-05, 3.483244776281361e-06, 3.203948166381746e-06, 7.256269962871169e-06, 3.6149444737556764e-06, 6.596074566483377e-06, 3.2050804191609704e-06, 3.3422533495114104e-06, 3.889954206445409e-06, 3.8110177926554885e-06, 2.2312657543427898e-06, 3.330801182361898e-06, 1.1663108069426897e-05, 1.3641861814929964e-06, 1.8196542410185357e-05, 5.855271509628756e-06, 4.444595004320745e-06, 4.608248249897981e-06, 3.0947763197146745e-06, 1.5345083288427264e-06, 1.705364647763915e-06, 2.5920644118212394e-06, 1.9405158998425387e-06, 1.5036469126892288e-06, 2.789472036444551e-06, 5.5187825236104675e-06, 2.027437673937804e-06, 1.2211566376636378e-06, 4.347675824056454e-06, 1.5580484414482247e-06, 4.7733142682264985e-06, 1.9109779142479313e-06, 4.050667453665271e-06, 2.727806533737412e-06, 1.4971443750654822e-06, 1.0934855147705073e-06, 9.031227155202227e-07, 7.090665209890388e-07, 9.500850986833888e-07, 1.7706126536828022e-05, 6.203601551515687e-07, 9.22696366972617e-07, 1.392987931455093e-06, 1.9890476654545775e-06, 8.355064858541497e-07, 9.05125159227112e-07, 2.1023099863383263e-06, 1.4413828497124466e-06, 5.899103100758678e-07, 9.065146675223057e-07, 1.4438168831556681e-06, 1.8110437686854536e-06, 1.6010949078268063e-06, 1.3139887789594838e-06, 1.9388214101216605e-06, 7.28731981764155e-07, 1.9712084607036244e-06, 1.275271492465956e-06, 2.087143139114248e-06, 6.346954599346624e-07, 2.2150793880368374e-06, 1.731642431148847e-06, 1.9304775418783576e-06, 1.1230711364644186e-06]",COMPLETE
26,2.0609178131691213e-06,2026-01-23 15:18:35.510677,2026-01-23 15:25:51.939034,0 days 00:07:16.428357,32,64,0.009606261224252241,2,15,57,"[0.0033990811458649707, 0.0004353650471436119, 0.0003063775175663091, 0.00022791452183713976, 0.00020519990402821027, 0.00017471894772999854, 0.00015917108240237954, 0.00011446129610145993, 0.00015031873511110817, 9.584973819104412e-05, 8.129714118479144e-05, 8.64000589906398e-05, 6.810265877784017e-05, 4.909584717857946e-05, 6.068600389118173e-05, 3.488202763718862e-05, 5.516382484192429e-05, 6.804985230478033e-05, 3.995228447222436e-05, 4.294141534955151e-05, 2.2775338155828027e-05, 2.2556416242670735e-05, 2.3468387518227583e-05, 2.3448536680794362e-05, 5.8794946685705284e-05, 5.873824268229487e-05, 2.3057996974405846e-05, 1.6181368292044027e-05, 2.0526281376388372e-05, 1.8619554235842136e-05, 1.7487525272945952e-05, 1.4920512225914766e-05, 3.817550220744077e-05, 2.8338856460808333e-05, 3.521462152870467e-05, 4.24961169898807e-05, 1.266633803159171e-05, 1.2079679478494168e-05, 1.4934698965545448e-05, 1.152907938851622e-05, 1.7030642342510905e-05, 1.311813866282686e-05, 1.136014192529192e-05, 1.487030528295517e-05, 1.1580731876378841e-05, 9.769677359828659e-06, 1.1059158054348484e-05, 1.4520049198698634e-05, 8.370209125070486e-06, 1.3490025641777782e-05, 1.4678445935131118e-05, 8.970878059073391e-06, 1.0013081982368015e-05, 9.427624988133752e-06, 1.279094590833575e-05, 8.974232353053514e-06, 9.040935117664665e-06, 1.3143222713627159e-05, 7.832058637664908e-06, 9.522905855199616e-06, 9.874145621566794e-06, 2.3371873821762866e-05, 7.738976195211497e-06, 7.610527563393382e-06, 1.0160267155236324e-05, 9.525277417983523e-06, 8.31970504590178e-06, 9.264318997037776e-06, 2.2730921471175413e-05, 6.12343332249331e-06, 6.623701398666362e-06, 7.94488718147915e-06, 7.499566420326782e-06]","[0.00029589815843273455, 0.00018394905064988035, 7.700380029152094e-05, 0.000582977312965577, 7.764684530732653e-05, 8.691020474874824e-05, 0.00014600071299635862, 4.3706479237717935e-05, 9.795431542583304e-05, 0.00019472380243205898, 1.9618879933468616e-05, 4.685306945153528e-05, 2.9461194515845788e-05, 0.0002013426335745622, 1.5661904782942038e-05, 1.957646906698046e-05, 6.0080074904984946e-05, 1.0775684226288142e-05, 8.762851858225351e-05, 1.3009952326087745e-05, 9.703555770802916e-06, 1.191966297700602e-05, 9.98257023647633e-06, 7.498007032289353e-06, 1.702859274723822e-05, 1.2527563330965075e-05, 4.5445361774383824e-06, 6.903576297492152e-06, 7.99952512893811e-06, 1.545433703342745e-05, 1.1675055424898355e-05, 6.361119978012439e-06, 1.0794781430222832e-05, 5.843299967775434e-06, 1.0266493918852347e-05, 4.9252221362520005e-06, 1.804983491282531e-05, 4.246661236683883e-06, 6.94295683978749e-06, 8.66470411775395e-06, 6.913352549794816e-06, 1.2155578318266207e-05, 4.698938464360969e-06, 2.5778089325031595e-06, 4.2685783144841335e-06, 4.574159856841707e-06, 8.324355769607561e-06, 3.2464255160125934e-06, 5.839420652621589e-06, 8.869219766022423e-06, 4.793424470514339e-06, 2.5954309872892224e-06, 2.6836919858708793e-06, 9.974684393444877e-06, 5.301271093281572e-06, 2.205597675768582e-06, 7.641593708105157e-06, 2.0609178131691213e-06, 7.623618050891516e-06, 2.5254282402947128e-06, 8.470439975703575e-06, 2.752299236132447e-06, 4.8634522417561344e-06, 1.5020489797187003e-05, 3.1818860695198675e-06, 4.4263156893445e-06, 8.044604394175927e-06, 3.9382453702722395e-05, 4.717832078607625e-06, 2.2216502425785383e-06, 1.0265497463138858e-05, 6.350727737565531e-06, 2.817674050223004e-06]",COMPLETE
27,0.00040537350847962743,2026-01-23 15:25:51.940039,2026-01-23 15:26:14.533054,0 days 00:00:22.593015,16,64,0.00033963756270866965,2,15,1,"[0.006548307586342223, 0.0008287501736413695]","[0.000728291801975442, 0.00040537350847962743]",PRUNED
28,0.0009163520770806595,2026-01-23 15:26:14.533054,2026-01-23 15:26:26.745951,0 days 00:00:12.212897,32,64,0.001083191218314783,2,30,1,"[0.008048114729583536, 0.00152478390254005]","[0.0015813022495859976, 0.0009163520770806595]",PRUNED
29,0.006323565635197533,2026-01-23 15:26:26.745951,2026-01-23 15:26:38.811189,0 days 00:00:12.065238,32,32,0.00021910738233734162,2,45,1,"[0.024993462608531504, 0.007963027737653037]","[0.007123581156828692, 0.006323565635197533]",PRUNED
30,0.00034626775702757294,2026-01-23 15:26:38.811189,2026-01-23 15:27:01.253034,0 days 00:00:22.441845,16,64,0.0015347594259459661,2,30,1,"[0.005253027555873456, 0.0008068391233809654]","[0.0006345760847909201, 0.00034626775702757294]",PRUNED
31,0.00010145096073647928,2026-01-23 15:27:01.253034,2026-01-23 15:28:30.906752,0 days 00:01:29.653718,16,64,0.0006508480658778597,2,15,5,"[0.004417972403323961, 0.0006590500635248038, 0.00044245401579435167, 0.0003351565060260293, 0.00027757402983694037, 0.000242322008425417, 0.00021635784811297563, 0.00019138512155071985]","[0.0005693909750436208, 0.0002756380754608244, 0.000201528849982648, 0.00014435316635471717, 0.00011040813872433899, 0.0001012085844464968, 0.0003450162042735812, 0.00010145096073647928]",PRUNED
32,7.570904757817788e-07,2026-01-23 15:28:30.906752,2026-01-23 15:44:53.320468,0 days 00:16:22.413716,16,64,0.0007645283900893983,2,15,72,"[0.0037941642909423904, 0.0005952324983934849, 0.0003850242381529771, 0.0002943086408960672, 0.00024807356249905327, 0.0002220166428656619, 0.00019566277239399442, 0.00017184415443045203, 0.00016078904313581707, 0.0001435226402636909, 0.00012320725347885364, 0.00011646121097698365, 0.00010281370032451521, 9.305271834048543e-05, 9.626168503714244e-05, 7.419192209436364e-05, 7.502570084383678e-05, 5.922823593108395e-05, 5.6280723409471543e-05, 4.900995356735672e-05, 4.856738404348675e-05, 4.3387416991551474e-05, 2.9539968658337765e-05, 3.2188537044883036e-05, 3.089245412612083e-05, 2.334710117874581e-05, 1.9825781078249297e-05, 1.7776374695552204e-05, 2.5174598366511823e-05, 2.1524513291003647e-05, 1.9269110575050447e-05, 2.0148177042049607e-05, 1.808471404071799e-05, 1.685273689342667e-05, 1.760602032834469e-05, 1.5073466404173425e-05, 1.581651935403188e-05, 1.1177064463799226e-05, 1.1188300009304702e-05, 1.4737061917832135e-05, 1.4019907258062243e-05, 1.3377990086372079e-05, 8.713334530463075e-06, 9.035677664099966e-06, 8.907361821148456e-06, 7.947757332255956e-06, 7.617745574509483e-06, 1.0250357104019002e-05, 7.373584518296478e-06, 7.101976786831629e-06, 7.686014223016188e-06, 9.357344082407437e-06, 8.099276713359891e-06, 7.845281718193553e-06, 5.996240113455764e-06, 5.712453925554452e-06, 5.15123208379979e-06, 4.4164020037085265e-06, 5.6806250862732495e-06, 4.499613221302398e-06, 4.12466329094284e-06, 4.005701343667186e-06, 4.106671116058858e-06, 3.663834950375394e-06, 4.624301702895737e-06, 3.515095379260778e-06, 3.495455009565537e-06, 3.650087951879573e-06, 3.543582115478446e-06, 3.430575353979098e-06, 3.275881509058503e-06, 3.6867999271556354e-06, 3.831383255176543e-06, 4.928284693654976e-06, 4.809992745066241e-06, 3.668704751221085e-06, 2.803557539072933e-06, 3.106526968859663e-06, 2.9958631328477572e-06, 2.932417728274235e-06, 3.1917818457929226e-06, 2.956618112135801e-06, 2.9012982122501216e-06, 2.920749205332872e-06, 2.710168555508804e-06, 2.6025380535042e-06, 2.6156362002948962e-06, 3.1931081815718886e-06]","[0.0004904331834212666, 0.00021844157907530126, 0.0001863205305861196, 0.0001232972188111477, 0.00011712125030178321, 9.460538630000024e-05, 8.646657340332749e-05, 7.224103147548394e-05, 6.069684207086924e-05, 6.014431050314176e-05, 4.935127505259148e-05, 6.916944148402633e-05, 3.988961662467626e-05, 0.00015531522875297536, 3.079285999856946e-05, 2.7447390256750347e-05, 2.8787174539321805e-05, 1.9909419655318557e-05, 7.556446994271718e-05, 1.6575524559268794e-05, 5.791368875773678e-05, 1.1516516658594952e-05, 1.8034187740792832e-05, 7.961932138240415e-06, 2.1103334103112385e-05, 8.55846250135725e-06, 3.69832640985271e-05, 3.928391739947794e-05, 2.056591095272206e-05, 5.917985700798874e-06, 5.822576880402585e-06, 5.53325227414118e-06, 7.312621735445033e-06, 5.255876933027249e-06, 5.747804524580295e-06, 4.050324168920602e-06, 4.711898727060869e-06, 4.359248410976889e-06, 3.3081427211496957e-06, 1.0143623972270372e-05, 7.510607438690352e-06, 3.816141058016145e-06, 5.179913631569549e-06, 3.512826494727177e-06, 3.2889466712191782e-06, 2.504519436053305e-06, 3.753998686449041e-06, 6.642924997737871e-06, 6.811952814635321e-06, 8.038449530287838e-06, 2.4369445237217146e-06, 1.795943008781107e-06, 2.2407833382583803e-06, 8.261103424157579e-06, 1.1746668742601135e-06, 2.1542354220146643e-06, 2.105389212935343e-05, 1.917287373835139e-06, 2.1306147231842535e-06, 1.7297330864476619e-06, 1.2970655498814904e-06, 2.7763364878077403e-06, 1.291582497113089e-06, 2.5070220999842465e-06, 1.6698045231189769e-06, 1.834599325724524e-06, 3.1701893755635025e-06, 9.856382833383187e-07, 1.4338426686086759e-06, 2.721727352316254e-06, 3.9003788160978986e-06, 2.5959045096161163e-06, 7.570904757817788e-07, 4.863480306414417e-06, 1.637367316817572e-06, 1.2139101896696354e-06, 2.3075957802410707e-06, 1.3895847060558938e-06, 7.712593837229453e-07, 1.3605456362986391e-06, 1.2130917933371302e-06, 1.2522054369973987e-06, 7.70180636837934e-07, 1.6826318023380883e-06, 9.053831688767238e-07, 1.7190656757720401e-06, 1.3529672209860913e-06, 8.179664913885182e-07]",COMPLETE
33,0.0003241500462203395,2026-01-23 15:44:53.320468,2026-01-23 15:45:15.859243,0 days 00:00:22.538775,16,64,0.00041714245980849695,2,15,1,"[0.0047568646202828194, 0.0007672488873221074]","[0.0006058022221192015, 0.0003241500462203395]",PRUNED
34,0.0031865626470873125,2026-01-23 15:45:15.859243,2026-01-23 15:45:38.222074,0 days 00:00:22.362831,16,32,0.0010143369428321002,2,45,1,"[0.01687505867724663, 0.0050828610055037955]","[0.01178842582227007, 0.0031865626470873125]",PRUNED
35,0.0006189672792844496,2026-01-23 15:45:38.223078,2026-01-23 15:45:50.303708,0 days 00:00:12.080630,32,64,0.00031479521840380723,2,15,1,"[0.009464347692035885, 0.0014192388596594354]","[0.0012939666493031823, 0.0006189672792844496]",PRUNED
36,0.0006683358843756843,2026-01-23 15:45:50.303708,2026-01-23 15:46:00.330885,0 days 00:00:10.027177,32,32,0.0012770639547168559,1,15,1,"[0.009096925546022315, 0.001399046310677668]","[0.0013417922069030583, 0.0006683358843756843]",PRUNED
37,0.006609117553046552,2026-01-23 15:46:00.331887,2026-01-23 15:46:22.900649,0 days 00:00:22.568762,16,64,0.0007594303691532669,2,45,1,"[0.01625446164789751, 0.011090309559662512]","[0.014238916089295553, 0.006609117553046552]",PRUNED
38,0.005998053985985762,2026-01-23 15:46:22.900649,2026-01-23 15:46:33.045013,0 days 00:00:10.144364,32,32,0.00018852046998385423,1,30,1,"[0.03876360995930727, 0.007540560602534142]","[0.0061711017441424135, 0.005998053985985762]",PRUNED
39,5.089598186944505e-07,2026-01-23 15:46:33.045013,2026-01-23 16:09:28.791985,0 days 00:22:55.746972,16,64,0.0020371840684845536,2,15,107,"[0.0022554904226986896, 0.00036262976423369483, 0.0002812502398169789, 0.00023341366370448693, 0.0001742551691899198, 0.0001572949989607999, 0.0001341122365709281, 0.00011490334113778865, 0.00010391577129304885, 8.461186080815061e-05, 8.253970272666935e-05, 6.0690446947002456e-05, 4.556141618922385e-05, 4.198601282800306e-05, 3.955870192886161e-05, 4.6776331290210015e-05, 2.837999241192184e-05, 3.579221183014461e-05, 2.6392720359009328e-05, 1.9496319950900976e-05, 2.202940752284338e-05, 2.8222303989558852e-05, 3.071883595939749e-05, 1.857011688498408e-05, 2.0733655159300668e-05, 1.4720804355455932e-05, 1.4218197541782259e-05, 1.6557674165211328e-05, 1.4045914804731192e-05, 1.148362634683321e-05, 1.1346501834376012e-05, 1.0655688734520449e-05, 1.12813904548289e-05, 1.2039390539768218e-05, 8.751676505454413e-06, 9.250915336395633e-06, 8.10145571669744e-06, 8.126421821338358e-06, 7.383480250642862e-06, 7.667460626286257e-06, 7.829339331972793e-06, 1.352237495774599e-05, 6.913637394903061e-06, 6.3734121826176354e-06, 7.1164557416134744e-06, 6.931319264182084e-06, 5.930505286634592e-06, 5.647860146585395e-06, 5.798823275490174e-06, 5.967723094179428e-06, 4.842367405384588e-06, 5.067303471291073e-06, 5.52775194684654e-06, 4.735765286741568e-06, 5.064576744456871e-06, 4.594576068753141e-06, 4.7311914323867035e-06, 4.407269039237229e-06, 4.36190506573697e-06, 4.464206880549709e-06, 4.389390687366043e-06, 4.24781144107258e-06, 4.435934987307366e-06, 4.488287426811272e-06, 3.715203969801092e-06, 3.94051016338687e-06, 3.865813255237308e-06, 4.303261071128734e-06, 1.4513026112387295e-05, 4.04340627350953e-06, 3.3980977699108094e-06, 3.676780851692078e-06, 3.7533425434143177e-06, 3.60546631932711e-06, 3.425266231436896e-06, 3.675193144557646e-06, 3.4478006079693856e-06, 3.272869419028947e-06, 3.1447846536217155e-06, 3.2118724869667437e-06, 3.220206273969449e-06, 3.111386087933257e-06, 2.944675663158189e-06, 2.827836728615067e-06, 3.6537369728463898e-06, 2.9413330130558257e-06, 3.091004682344452e-06, 2.943801163022291e-06, 2.7032004006342773e-06, 3.161798054980863e-06, 2.647796070311553e-06, 2.7701708251462336e-06, 2.646542857447914e-06, 2.651627893399014e-06, 2.843639172915452e-06, 2.8716622671963693e-06, 2.732182066704574e-06, 2.689449725474082e-06, 2.5021753045184533e-06, 2.5430251379192015e-06, 2.4344754815372222e-06, 2.840581737261341e-06, 2.357178757881453e-06, 2.432338517440192e-06, 2.55854570628758e-06, 2.4798564560358305e-06, 2.386801852971439e-06, 2.2767650968909804e-06, 2.304726321725825e-06, 2.5603975359045483e-06, 2.491156882805267e-06, 2.290773637147176e-06, 2.22470200150393e-06, 2.3167769711513906e-06, 2.6964310008038494e-06, 2.228369574095986e-06, 2.1726336082369915e-06, 2.090383321370729e-06, 2.1482018903610367e-06, 2.189513345713404e-06, 2.3612177092407464e-06, 2.180110544763058e-06, 2.140443437930216e-06]","[0.00023678017912722132, 0.00030859574939302945, 0.0001629493215481005, 9.835627456867452e-05, 0.00036789352470840216, 4.673578200227107e-05, 8.800128457139368e-05, 0.00012505464786015405, 6.854695994715922e-05, 2.5177092588740646e-05, 3.343017272094662e-05, 2.1419127355161464e-05, 2.2032687858272293e-05, 1.6804033633703296e-05, 1.8496535451508694e-05, 1.2412254423462034e-05, 7.925637029777718e-06, 1.1367980655213509e-05, 1.585157416038765e-05, 1.641167647854718e-05, 6.543912497787716e-06, 5.8831577485772465e-06, 7.311158674120618e-06, 8.984857515003598e-06, 5.836562738351547e-06, 5.664997779744356e-06, 5.669746115333347e-06, 1.771900664526918e-05, 1.544752166785048e-05, 1.5266243249970662e-05, 5.017760985768629e-06, 2.971882792752062e-06, 7.955380169513912e-06, 7.847237809296259e-06, 4.0257498268902456e-06, 4.293040637521822e-06, 5.646866467397317e-06, 1.918178564627464e-06, 3.835662927961604e-06, 3.1176497125746076e-06, 2.6008517763613908e-06, 3.694485163097908e-06, 7.176074089492605e-06, 7.197787831264472e-06, 2.310871915529623e-06, 2.1295694617551404e-06, 3.86587394806894e-06, 1.7657713188433782e-06, 2.2256550506962953e-06, 4.858320500921248e-06, 8.193990401842695e-06, 4.4070715533864225e-06, 1.4444525694064698e-06, 1.5452727140075875e-06, 2.0802128824733715e-06, 2.4925015486324795e-06, 1.6871316262760873e-06, 2.6007754836217635e-06, 1.6718691651357384e-06, 2.9598392447443286e-06, 7.206170378880475e-06, 1.7005074303584945e-06, 2.6555696038079064e-06, 1.8749920492077964e-06, 1.165318150647698e-06, 2.266676898848862e-06, 1.7219185233110611e-06, 1.2738207508299496e-06, 9.097702459743852e-07, 1.06442019748245e-06, 2.40834950286915e-06, 1.0287977774338228e-06, 5.042873021964778e-06, 7.667564507292233e-07, 4.231253227914779e-06, 1.6833042913620933e-06, 1.8049434203741756e-06, 7.443834005421712e-07, 6.54190092244297e-06, 1.3445684989531125e-06, 6.025161226748134e-06, 6.86884620094228e-06, 7.297609812604274e-06, 1.22210348090115e-06, 1.7726230572535878e-06, 1.007333675747908e-06, 1.4125566039059048e-06, 3.0099929022693695e-06, 2.0730550379263635e-06, 1.6279926656239443e-06, 7.087712080374681e-07, 1.2480608788688916e-06, 8.785369222517065e-07, 1.532604837042236e-06, 4.407265893806864e-06, 6.01601536850826e-07, 7.332576561778425e-07, 1.4184699614646071e-06, 1.4625654712215794e-06, 4.810693570603034e-06, 8.280914854040616e-07, 7.451928248145872e-07, 1.5471624646508614e-06, 1.2098788660136654e-06, 2.2792464893262954e-06, 6.911364441472444e-07, 6.479877006591666e-07, 5.089598186944505e-07, 2.459893751835802e-06, 5.187193737493773e-07, 5.565576234004454e-07, 1.9307821475789004e-06, 1.961133423619843e-06, 3.521370478309894e-06, 1.1877019688840155e-06, 4.290610643137561e-06, 1.7113707555463038e-06, 4.954758470868388e-06, 7.469804677559913e-07, 1.6601277966331445e-06, 5.168076169431659e-06, 9.351550379230077e-07, 2.452541373775967e-06]",COMPLETE
