Best Val Loss: 2.3438687684686383e-06
Best Params: {'WINDOW_SIZE': 15, 'HIDDEN_SIZE': 128, 'NUM_LAYERS': 2, 'BATCH_SIZE': 32, 'LEARNING_RATE': 0.0010778333212358062}


Loading data...
Found 20 valid CSV files (out of 22)
Train files: 18, Val files: 2
Using device: cuda
GPU Name: NVIDIA GeForce RTX 3090
[I 2026-01-07 20:42:31,876] A new study created in memory with name: no-name-36f26b9e-251b-4859-ba0d-ebcfa0c0be04
[I 2026-01-07 20:49:38,465] Trial 0 finished with value: 0.00022362335653307923 and parameters: {'WINDOW_SIZE': 30, 'HIDDEN_SIZE': 32, 'NUM_LAYERS': 1, 'BATCH_SIZE': 16, 'LEARNING_RATE': 0.0026070247583707684}. Best is trial 0 with value: 0.00022362335653307923.
[I 2026-01-07 20:56:42,640] Trial 1 finished with value: 0.0004098612882026863 and parameters: {'WINDOW_SIZE': 30, 'HIDDEN_SIZE': 32, 'NUM_LAYERS': 1, 'BATCH_SIZE': 16, 'LEARNING_RATE': 0.0003823475224675188}. Best is trial 0 with value: 0.00022362335653307923.
[I 2026-01-07 21:00:29,105] Trial 2 finished with value: 0.000218825002959922 and parameters: {'WINDOW_SIZE': 15, 'HIDDEN_SIZE': 128, 'NUM_LAYERS': 1, 'BATCH_SIZE': 32, 'LEARNING_RATE': 0.0001238513729886094}. Best is trial 2 with value: 0.000218825002959922.
[I 2026-01-07 21:04:16,651] Trial 3 finished with value: 6.184240490175112e-05 and parameters: {'WINDOW_SIZE': 15, 'HIDDEN_SIZE': 64, 'NUM_LAYERS': 1, 'BATCH_SIZE': 32, 'LEARNING_RATE': 0.0007591104805282694}. Best is trial 3 with value: 6.184240490175112e-05.
[I 2026-01-07 21:08:06,821] Trial 4 finished with value: 0.000866886516338779 and parameters: {'WINDOW_SIZE': 30, 'HIDDEN_SIZE': 32, 'NUM_LAYERS': 1, 'BATCH_SIZE': 32, 'LEARNING_RATE': 0.00023426581058204064}. Best is trial 3 with value: 6.184240490175112e-05.
[I 2026-01-07 21:15:03,599] Trial 5 finished with value: 9.173224949347749e-06 and parameters: {'WINDOW_SIZE': 15, 'HIDDEN_SIZE': 128, 'NUM_LAYERS': 1, 'BATCH_SIZE': 16, 'LEARNING_RATE': 0.0004473636174621269}. Best is trial 5 with value: 9.173224949347749e-06.
[I 2026-01-07 21:15:19,953] Trial 6 pruned. 
[I 2026-01-07 21:15:30,950] Trial 7 pruned. 
[I 2026-01-07 21:20:06,081] Trial 8 finished with value: 5.415413432526759e-06 and parameters: {'WINDOW_SIZE': 15, 'HIDDEN_SIZE': 128, 'NUM_LAYERS': 2, 'BATCH_SIZE': 32, 'LEARNING_RATE': 0.0008798929749689024}. Best is trial 8 with value: 5.415413432526759e-06.
[I 2026-01-07 21:20:26,804] Trial 9 pruned. 
[I 2026-01-07 21:25:01,665] Trial 10 finished with value: 5.278859169518466e-06 and parameters: {'WINDOW_SIZE': 15, 'HIDDEN_SIZE': 128, 'NUM_LAYERS': 2, 'BATCH_SIZE': 32, 'LEARNING_RATE': 0.0020124870829750963}. Best is trial 10 with value: 5.278859169518466e-06.
[I 2026-01-07 21:29:36,334] Trial 11 finished with value: 3.360845756140659e-06 and parameters: {'WINDOW_SIZE': 15, 'HIDDEN_SIZE': 128, 'NUM_LAYERS': 2, 'BATCH_SIZE': 32, 'LEARNING_RATE': 0.0019383199835819554}. Best is trial 11 with value: 3.360845756140659e-06.
[I 2026-01-07 21:34:11,324] Trial 12 finished with value: 7.723366057947616e-06 and parameters: {'WINDOW_SIZE': 15, 'HIDDEN_SIZE': 128, 'NUM_LAYERS': 2, 'BATCH_SIZE': 32, 'LEARNING_RATE': 0.00231705730711342}. Best is trial 11 with value: 3.360845756140659e-06.
[I 2026-01-07 21:38:50,528] Trial 13 finished with value: 4.9114022124811665e-06 and parameters: {'WINDOW_SIZE': 15, 'HIDDEN_SIZE': 128, 'NUM_LAYERS': 2, 'BATCH_SIZE': 32, 'LEARNING_RATE': 0.0023472973391607766}. Best is trial 11 with value: 3.360845756140659e-06.
[I 2026-01-07 21:39:01,939] Trial 14 pruned. 
[I 2026-01-07 21:39:13,032] Trial 15 pruned. 
[I 2026-01-07 21:44:11,299] Trial 16 finished with value: 6.418599342255488e-06 and parameters: {'WINDOW_SIZE': 15, 'HIDDEN_SIZE': 64, 'NUM_LAYERS': 2, 'BATCH_SIZE': 32, 'LEARNING_RATE': 0.004160617933755996}. Best is trial 11 with value: 3.360845756140659e-06.
[I 2026-01-07 21:48:52,670] Trial 17 finished with value: 2.3438687684686383e-06 and parameters: {'WINDOW_SIZE': 15, 'HIDDEN_SIZE': 128, 'NUM_LAYERS': 2, 'BATCH_SIZE': 32, 'LEARNING_RATE': 0.0010778333212358062}. Best is trial 17 with value: 2.3438687684686383e-06.
[I 2026-01-07 21:49:03,608] Trial 18 pruned. 
[I 2026-01-07 21:49:14,761] Trial 19 pruned. 
[I 2026-01-07 21:54:03,225] Trial 20 finished with value: 6.210069132153598e-06 and parameters: {'WINDOW_SIZE': 15, 'HIDDEN_SIZE': 128, 'NUM_LAYERS': 2, 'BATCH_SIZE': 32, 'LEARNING_RATE': 0.0014619238532348447}. Best is trial 17 with value: 2.3438687684686383e-06.
[I 2026-01-07 21:58:44,030] Trial 21 finished with value: 2.8775537174895587e-06 and parameters: {'WINDOW_SIZE': 15, 'HIDDEN_SIZE': 128, 'NUM_LAYERS': 2, 'BATCH_SIZE': 32, 'LEARNING_RATE': 0.0032737121108009017}. Best is trial 17 with value: 2.3438687684686383e-06.
[I 2026-01-07 22:03:19,647] Trial 22 finished with value: 5.056983908844266e-06 and parameters: {'WINDOW_SIZE': 15, 'HIDDEN_SIZE': 128, 'NUM_LAYERS': 2, 'BATCH_SIZE': 32, 'LEARNING_RATE': 0.0036263049965356655}. Best is trial 17 with value: 2.3438687684686383e-06.
[I 2026-01-07 22:03:36,199] Trial 23 pruned. 
[I 2026-01-07 22:08:11,461] Trial 24 finished with value: 4.678590333864313e-06 and parameters: {'WINDOW_SIZE': 15, 'HIDDEN_SIZE': 128, 'NUM_LAYERS': 2, 'BATCH_SIZE': 32, 'LEARNING_RATE': 0.0032623743844148955}. Best is trial 17 with value: 2.3438687684686383e-06.
[I 2026-01-07 22:08:22,449] Trial 25 pruned. 
[I 2026-01-07 22:08:53,163] Trial 26 pruned. 
[I 2026-01-07 22:09:04,571] Trial 27 pruned. 
[I 2026-01-07 22:09:16,055] Trial 28 pruned. 
[I 2026-01-07 22:09:37,444] Trial 29 pruned. 
[I 2026-01-07 22:09:48,881] Trial 30 pruned. 
[I 2026-01-07 22:14:32,677] Trial 31 finished with value: 3.365293293298286e-06 and parameters: {'WINDOW_SIZE': 15, 'HIDDEN_SIZE': 128, 'NUM_LAYERS': 2, 'BATCH_SIZE': 32, 'LEARNING_RATE': 0.0031215175864322147}. Best is trial 17 with value: 2.3438687684686383e-06.
[I 2026-01-07 22:14:54,799] Trial 32 pruned. 
[I 2026-01-07 22:15:05,906] Trial 33 pruned. 
[I 2026-01-07 22:15:14,931] Trial 34 pruned. 
[I 2026-01-07 22:15:26,002] Trial 35 pruned. 
[I 2026-01-07 22:15:42,886] Trial 36 pruned. 
[I 2026-01-07 22:15:53,925] Trial 37 pruned. 
[I 2026-01-07 22:16:02,963] Trial 38 pruned. 
[I 2026-01-07 22:24:42,406] Trial 39 finished with value: 1.1023834939409965e-05 and parameters: {'WINDOW_SIZE': 15, 'HIDDEN_SIZE': 64, 'NUM_LAYERS': 2, 'BATCH_SIZE': 16, 'LEARNING_RATE': 0.0019438420986584754}. Best is trial 17 with value: 2.3438687684686383e-06.
[I 2026-01-07 22:24:51,467] Trial 40 pruned. 
[I 2026-01-07 22:29:28,907] Trial 41 finished with value: 8.447346486541777e-06 and parameters: {'WINDOW_SIZE': 15, 'HIDDEN_SIZE': 128, 'NUM_LAYERS': 2, 'BATCH_SIZE': 32, 'LEARNING_RATE': 0.0032862423306494223}. Best is trial 17 with value: 2.3438687684686383e-06.
[I 2026-01-07 22:29:40,433] Trial 42 pruned. 
[I 2026-01-07 22:29:51,813] Trial 43 pruned. 
[I 2026-01-07 22:30:03,182] Trial 44 pruned. 
[I 2026-01-07 22:30:14,275] Trial 45 pruned. 
[I 2026-01-07 22:30:42,640] Trial 46 pruned. 
[I 2026-01-07 22:39:18,789] Trial 47 finished with value: 3.313240840130759e-06 and parameters: {'WINDOW_SIZE': 15, 'HIDDEN_SIZE': 128, 'NUM_LAYERS': 2, 'BATCH_SIZE': 16, 'LEARNING_RATE': 0.0013082665194506526}. Best is trial 17 with value: 2.3438687684686383e-06.
[I 2026-01-07 22:39:39,074] Trial 48 pruned. 
[I 2026-01-07 22:39:59,678] Trial 49 pruned. 
Best value: 2.3438687684686383e-06
Best params: {'WINDOW_SIZE': 15, 'HIDDEN_SIZE': 128, 'NUM_LAYERS': 2, 'BATCH_SIZE': 32, 'LEARNING_RATE': 0.0010778333212358062}