number,value,datetime_start,datetime_complete,duration,params_BATCH_SIZE,params_HIDDEN_SIZE,params_LEARNING_RATE,params_NUM_LAYERS,params_WINDOW_SIZE,user_attrs_best_epoch,user_attrs_train_loss_history,user_attrs_val_loss_history,state
40,6.561009989237744e-06,2026-01-23 16:09:28.791985,2026-01-23 16:22:17.545570,0 days 00:12:48.753585,16,64,0.00232774827718487,1,15,74,"[0.0034978140079986175, 0.0005977684135224157, 0.0004332035409867159, 0.0003529444827140751, 0.0002822313772849124, 0.00022255723393294755, 0.0001956888618425681, 0.0001709254995695469, 0.00015425994741463634, 0.00014176915497208934, 0.00013557816412458648, 0.0001252258172725166, 0.00010412896546343846, 9.954862077400535e-05, 8.816093461037332e-05, 8.551286193729844e-05, 7.221274856317735e-05, 6.868777717240362e-05, 5.697029383436529e-05, 5.524554377124728e-05, 6.40036133798524e-05, 4.556855208158293e-05, 4.458454309052995e-05, 5.1215812012203954e-05, 4.184869775877876e-05, 4.212515111023618e-05, 4.0623323195400605e-05, 3.327212106536914e-05, 3.1791489771880415e-05, 2.8342075896001158e-05, 2.64072989544307e-05, 2.5929681156709523e-05, 2.765860149997098e-05, 2.6624938981168984e-05, 1.835881429952479e-05, 1.9716156035530148e-05, 1.8777054184833642e-05, 1.6664868124706844e-05, 1.6568257415855204e-05, 1.6930121354730036e-05, 1.6493548358471226e-05, 1.4962560565564006e-05, 1.4549556820736115e-05, 2.331776940753869e-05, 1.7384510978878508e-05, 1.22579274549154e-05, 1.3182887972542598e-05, 1.2518399286371539e-05, 1.3342291082082293e-05, 1.2084081643263257e-05, 1.2061303931623865e-05, 1.312052620104988e-05, 1.1556507745971928e-05, 1.0601728116326969e-05, 1.128825830601929e-05, 1.085833040895503e-05, 1.0512961652652144e-05, 1.079890101459245e-05, 1.0496044787670391e-05, 9.536240673410381e-06, 1.1672847816231368e-05, 9.556405913883111e-06, 1.035005846809646e-05, 1.216359481674549e-05, 1.2526892659771456e-05, 8.977112337179674e-06, 9.03861733986006e-06, 1.026482081533998e-05, 1.3901586456495999e-05, 9.231982843171725e-06, 8.440048572161435e-06, 8.675825541936161e-06, 7.327350668032123e-06, 7.277903790324395e-06, 8.502645432158438e-06, 7.178972815022026e-06, 7.362865864251176e-06, 6.816551760080057e-06, 7.845717202952437e-06, 6.906105541366969e-06, 1.2506408960886803e-05, 1.41466310697801e-05, 1.3082663660465307e-05, 8.477439867175961e-06, 6.24670935792169e-06]","[0.00043493359876116503, 0.0002742031638105427, 0.00016741943322033496, 0.00018030656389637513, 0.00010616463806892557, 8.436573594991669e-05, 7.699886467931941e-05, 0.00010368634337384495, 5.950074524497615e-05, 8.674889809675968e-05, 5.137369994056989e-05, 4.308921162127874e-05, 4.691840461476735e-05, 4.0533869300491955e-05, 3.474235294603425e-05, 2.8170365167582343e-05, 3.7048912933163584e-05, 2.327662393429123e-05, 2.3422997300011343e-05, 3.182466056481686e-05, 2.0310928619092396e-05, 1.768017075142264e-05, 1.6824852981846424e-05, 1.877029803389333e-05, 1.9211756073818763e-05, 1.917486887576227e-05, 2.2223579977743715e-05, 2.0496930786632538e-05, 1.0507358398857261e-05, 1.2931555564221057e-05, 1.1046361836597078e-05, 2.061002393503979e-05, 1.1324238553970294e-05, 6.64294084445637e-06, 5.959454775008956e-06, 5.534518063129514e-05, 9.634427347000716e-06, 7.25038265471274e-06, 4.926795590891114e-06, 4.87630447622185e-06, 8.154477757741948e-06, 5.180671280523187e-06, 4.758261778789629e-06, 3.72910871873972e-05, 5.066159300228591e-06, 5.074129051593976e-06, 1.0759016516208958e-05, 4.103498355827385e-06, 9.783630549956274e-06, 4.072204668802253e-06, 4.4149499743540565e-06, 5.3735998510708874e-06, 2.5997186878196215e-05, 3.5782489973794615e-06, 6.0784390272692865e-06, 8.006744234152391e-06, 3.307864262217055e-06, 1.2748862471142587e-05, 3.5337182934767295e-06, 3.047755751288435e-06, 4.4842010765494985e-06, 4.352071934383857e-06, 4.52287929485696e-06, 2.993652744012716e-06, 3.379822807471796e-06, 9.990841044169088e-06, 2.8752227918632276e-06, 3.965888291656303e-05, 3.2066827562807345e-06, 2.811969937232025e-06, 5.01450992346594e-06, 2.700792959445793e-06, 3.549730846791279e-06, 5.549901685677637e-06, 2.0239428481893765e-06, 6.451496149343528e-06, 4.672751665329892e-06, 2.6021423973151094e-06, 5.521818269285431e-06, 3.316447121441078e-06, 4.8598946354689855e-05, 4.627710910358342e-06, 2.0354415271925594e-06, 8.444274939049455e-06, 6.561009989237744e-06]",PRUNED
41,5.652575148178672e-07,2026-01-23 16:22:17.545570,2026-01-23 16:42:02.103142,0 days 00:19:44.557572,16,64,0.001851479467267797,2,15,90,"[0.0023031070439774367, 0.0003990906045601229, 0.0002680384194263893, 0.0002099367071319354, 0.0001818809500382149, 0.00014294497065066533, 0.00011795249017911366, 0.0001058082884997186, 9.801458096000734e-05, 7.813044327254348e-05, 7.789102148973086e-05, 5.025193458155235e-05, 5.044889059129419e-05, 4.234317754621651e-05, 3.485884612003917e-05, 4.122031873119439e-05, 2.354631313006931e-05, 2.003065728843202e-05, 2.4761862996121964e-05, 1.7575948670114463e-05, 1.6706973216176802e-05, 1.6755563641826925e-05, 1.62782029836378e-05, 2.0891812574437922e-05, 1.3445961221716508e-05, 1.2471742201871844e-05, 1.1975884770229773e-05, 1.1344299488772175e-05, 1.0065422357921236e-05, 1.2344024369556692e-05, 2.0846147366236384e-05, 8.516277104603774e-06, 1.0053132341898845e-05, 8.822437369985316e-06, 8.188072967154024e-06, 9.068032714901855e-06, 8.345702395312248e-06, 7.355148966633437e-06, 1.5013383543555292e-05, 7.087303440475972e-06, 7.741247218864389e-06, 6.904750276841465e-06, 6.1038895980559845e-06, 6.539671430348302e-06, 6.466115755644432e-06, 6.138714917113741e-06, 4.696481592284566e-06, 5.299148272976324e-06, 4.830752455733038e-06, 5.864412773312176e-06, 4.859956528978219e-06, 4.9855512939638926e-06, 5.01838564208086e-06, 5.370461733920307e-06, 4.1982686272757405e-06, 4.6026972414037e-06, 4.9880879907830095e-06, 4.206935365233671e-06, 4.769167503672233e-06, 4.4907444000881306e-06, 4.601711408366135e-06, 4.485287406255552e-06, 4.501759129133512e-06, 4.04156503232143e-06, 3.822851157741518e-06, 3.7706797218946097e-06, 3.954975856175848e-06, 3.9077986919549285e-06, 3.5525739233903103e-06, 3.4931829136024713e-06, 3.80303348100751e-06, 3.840942902623523e-06, 3.5594463530151984e-06, 3.6428046757442504e-06, 4.292408856174187e-06, 3.369202415296659e-06, 4.785868068643737e-06, 6.893009824951185e-06, 3.0655518590387597e-06, 3.1467862321089226e-06, 3.0925244615287126e-06, 3.1035851512212127e-06, 3.4846557500520308e-06, 2.9177376651546447e-06, 3.343037352472397e-06, 2.8330184748856374e-06, 3.0987425250003135e-06, 3.755600156834511e-06, 2.9124700114719594e-06, 3.2179642949866123e-06, 2.8443382633602368e-06, 2.835234987907145e-06, 2.916222708567372e-06, 2.787242949294232e-06, 2.83759074821865e-06, 2.7850445720437873e-06, 2.92936565658198e-06, 2.7650507561473826e-06, 2.8409242558846816e-06, 2.860420510824182e-06, 2.6057669981233077e-06, 2.8364285500767247e-06, 2.615751841533257e-06, 2.886351469745895e-06, 3.0525910746488364e-06, 2.581295857966357e-06]","[0.000285340659104459, 0.00013068797888535333, 9.565296617392872e-05, 7.139046961382868e-05, 5.905121224670284e-05, 5.0615717968613004e-05, 6.519051528107805e-05, 0.00016516473560017778, 3.339397832084101e-05, 6.8364245941836e-05, 2.5175343904022317e-05, 5.5241282911108076e-05, 1.439717585055128e-05, 2.9018534177810857e-05, 1.1962882471027767e-05, 1.0921337684784719e-05, 2.1959161374818664e-05, 6.185585478193136e-06, 1.0135703493963325e-05, 5.105646010915927e-06, 1.007052254791235e-05, 1.5713629374609856e-05, 4.8456654332753335e-06, 5.511587759865296e-06, 6.622760638895815e-06, 1.721114877210506e-05, 8.433599769520971e-06, 1.2420536711553953e-05, 5.908062044201488e-06, 4.518773163728421e-05, 3.0039612647275565e-06, 5.0822667734001715e-06, 6.342095699255528e-06, 3.4918113515635157e-06, 2.383326474047796e-06, 5.503932935497686e-06, 1.7459744010632715e-06, 1.6690668288339568e-05, 2.451975437302517e-06, 2.292971243492688e-06, 1.8299499559515931e-06, 3.234086965665883e-06, 3.732905938985173e-06, 1.4009398821779083e-06, 3.649580106072066e-06, 7.859392932611323e-06, 7.880957270163944e-06, 1.2102969580666156e-06, 2.1095529576836873e-06, 2.6359190864721256e-06, 2.269836381803722e-06, 2.3225640700077964e-06, 1.3443710098563175e-06, 5.004794748814454e-06, 4.265720727474468e-06, 1.8602664047198066e-06, 2.1536600309144516e-06, 2.212651854019747e-06, 1.3464978806856337e-06, 1.4227080273730962e-06, 4.47836208639235e-06, 1.440061617372898e-06, 1.0559007515005433e-06, 1.130193750604952e-06, 4.081496587028326e-06, 2.4151477596722906e-06, 2.6175189199778344e-06, 1.63312284972678e-06, 1.7742435902364938e-06, 1.4127751873325794e-06, 4.578911910910301e-06, 1.4634622371594734e-06, 2.5150874860756316e-06, 1.5860538003809836e-06, 2.460602478210756e-06, 1.1801650328385022e-06, 7.408222432608846e-07, 3.413600068348748e-06, 3.349446078722191e-06, 5.7357580775581994e-06, 6.326042035663305e-06, 1.1369310628022762e-06, 1.0241051009710372e-06, 2.1876197169988636e-06, 1.360243198150468e-06, 1.1072180647544133e-06, 2.15475671942795e-06, 1.163553561984113e-06, 4.448144849980728e-06, 6.060311604808305e-07, 5.652575148178672e-07, 2.937026189804455e-06, 3.377823492343442e-06, 5.777754011677011e-07, 1.9075319987292557e-06, 2.0940065688137986e-06, 4.262107604684428e-06, 1.4820648204397304e-06, 1.1726335121417406e-06, 7.531664845209748e-07, 1.9196182171967472e-06, 1.1975609281968351e-06, 8.194160957180478e-07, 3.4110966968870054e-06, 2.755200797386183e-06, 1.9817648290748002e-06]",COMPLETE
42,0.0002628709797816183,2026-01-23 16:42:02.103142,2026-01-23 16:42:35.798030,0 days 00:00:33.694888,16,64,0.001820202328471342,2,15,0,"[0.0024614412164416758, 0.00040433943945131467, 0.00028321217620258575]","[0.00024755846710891556, 0.00033953167903939124, 0.0002628709797816183]",PRUNED
43,1.2693407534712072e-06,2026-01-23 16:42:35.798030,2026-01-23 16:58:25.425317,0 days 00:15:49.627287,16,64,0.0031540938309369223,2,15,69,"[0.002319853897765959, 0.00037842283087945704, 0.00029381612985508027, 0.0002295729026989392, 0.00017787988235015345, 0.00015688326291039728, 0.00012558147481871613, 0.000101656110862604, 8.714908716809322e-05, 7.2775029811768e-05, 6.080733465003e-05, 6.836421952756355e-05, 5.629605914536551e-05, 4.6699181893724056e-05, 4.1802565720152226e-05, 4.00584949760428e-05, 3.4507305862716014e-05, 2.5117022886080394e-05, 2.9491783743449344e-05, 2.4781961295083393e-05, 3.0491803850200125e-05, 3.7319922382925965e-05, 2.645491274052174e-05, 1.9302236206464902e-05, 1.8622807994236248e-05, 1.5723971666134436e-05, 3.5613949068848656e-05, 3.206120509107027e-05, 1.2244322949033403e-05, 1.3704594231352328e-05, 1.4101010203244887e-05, 1.3880004384663625e-05, 1.126445698273963e-05, 1.1579392941079716e-05, 1.4685652337741136e-05, 1.1322058388047562e-05, 1.1646758386671411e-05, 1.1861407006945976e-05, 1.0671713209046468e-05, 1.0328356566545346e-05, 1.032706512070182e-05, 2.3531314827270287e-05, 1.8880562414214222e-05, 1.812364256292223e-05, 1.1007044665669876e-05, 1.3716824704544685e-05, 8.914885864986758e-06, 9.780425104550697e-06, 1.969842651412499e-05, 8.872611728055839e-06, 8.044886347826514e-06, 1.2817264724630798e-05, 8.709628981069416e-06, 7.260121791673481e-06, 6.964937074735356e-06, 7.205657084795897e-06, 7.080303174199269e-06, 7.673276092204237e-06, 7.161079631247059e-06, 7.013733622131405e-06, 6.523082161124494e-06, 6.037437517461962e-06, 5.561052652951396e-06, 5.751192179856358e-06, 5.547937721372207e-06, 1.2987123968005535e-05, 9.576769701987955e-06, 6.313246354604299e-06, 4.56741187301981e-06, 5.657566238859062e-06, 4.7631673190254314e-06, 4.802724226307403e-06, 5.601714965779222e-06, 4.3441193960486384e-06, 5.101752768447873e-06, 4.7657786458341645e-06, 5.201606577342042e-06, 4.341979151095502e-06, 4.46965000778838e-06, 5.1296167464693295e-06, 4.08466611423456e-06, 4.593418392092614e-06, 4.397610578391588e-06, 4.315232778130672e-06, 4.31374353720604e-06]","[0.00034047904310982157, 0.00014810712818801155, 0.0001028835480740401, 7.724421900543515e-05, 6.527868123483479e-05, 5.69845126729802e-05, 3.545527117111619e-05, 3.172400405681135e-05, 4.757139861852542e-05, 6.088116781295749e-05, 2.9858929450087147e-05, 1.5996572263331913e-05, 2.6357757719244847e-05, 1.239519354092615e-05, 1.5234885260114861e-05, 1.4680788959324924e-05, 1.591369880600816e-05, 9.957896570045417e-06, 1.0578776314569584e-05, 6.874733703616917e-06, 8.104698583017487e-06, 1.0407066228252073e-05, 8.512338951761882e-06, 9.10208257187983e-06, 5.293416476892029e-06, 1.205780173311965e-05, 1.4566054882045122e-05, 3.760337181632698e-06, 4.7898947389912164e-06, 3.597038422896541e-06, 1.4848003620552667e-05, 8.773767317042623e-06, 5.927314668338682e-06, 6.3319318420845165e-06, 2.5991525173243353e-06, 2.3230607309795334e-05, 3.5911429849244415e-06, 4.045955044431298e-06, 4.007074474505181e-06, 5.7897041437687655e-06, 2.7069105755610422e-06, 1.719563254003794e-05, 2.1141565647805887e-06, 2.2392911958408768e-05, 1.9043577548856744e-06, 2.32711391878299e-06, 2.120186324737181e-06, 2.478872459585244e-06, 2.6571943852066045e-06, 5.992318616469161e-06, 2.564055780941862e-06, 3.4057760500377605e-06, 2.1618780380806818e-06, 3.5471387023380096e-06, 2.1123602111054874e-06, 2.3158130151472882e-06, 2.8660613194262e-06, 2.437928370053457e-06, 1.27071617078668e-06, 1.9087882313860116e-06, 3.3861656581318263e-06, 3.971898954677516e-06, 1.4248032029363475e-05, 4.326063350313873e-06, 1.948469731436321e-06, 1.489244836712979e-06, 3.5134674937566694e-06, 2.9194543195428797e-06, 2.8409522043684405e-06, 1.2693407534712072e-06, 2.421622265385697e-06, 3.2887665086864586e-06, 5.4095172421343734e-06, 1.6064622041203673e-06, 4.937933217994294e-06, 1.5840283834446952e-06, 2.1518047098042624e-06, 1.5950912761284097e-06, 1.3120178277114171e-06, 2.083193678633904e-06, 2.332884914901565e-06, 2.0655206658585677e-06, 4.89414034758272e-06, 4.176724377673802e-06, 2.484513525338915e-06]",COMPLETE
44,7.119004334266603e-07,2026-01-23 16:58:25.425317,2026-01-23 17:12:56.048323,0 days 00:14:30.623006,16,64,0.0012042239057427177,2,15,62,"[0.003444633441086409, 0.000476705635446217, 0.000330251531080654, 0.00025986993419534427, 0.00022097965645496433, 0.00018491080925277158, 0.00016567403710651476, 0.00013325138975984124, 0.00012732640892336704, 9.629809740181378e-05, 8.553079870783062e-05, 7.895073369495586e-05, 7.183822713218386e-05, 5.789126432023655e-05, 5.5057785140320866e-05, 4.580256622349481e-05, 4.0171758523811835e-05, 3.9843154071781806e-05, 3.6424582984553585e-05, 2.4435275139214735e-05, 2.754804870394958e-05, 3.113492280399076e-05, 2.822634378839294e-05, 2.22856765465746e-05, 2.2372046147770652e-05, 2.209760958835794e-05, 1.8030846021035527e-05, 2.0883712837806283e-05, 1.5877594024059272e-05, 1.4578012833876169e-05, 1.6470827760187895e-05, 1.4811568058668907e-05, 1.5251713879907213e-05, 1.901158255883541e-05, 1.2124775764746186e-05, 1.1350029800534129e-05, 1.145409288603339e-05, 1.36332471641827e-05, 8.603293928073257e-06, 9.411812892285808e-06, 1.0761642691037583e-05, 1.0616200049733253e-05, 8.498649675725929e-06, 8.705883474593044e-06, 9.582176546834054e-06, 7.730809693143504e-06, 8.012739416866766e-06, 9.541496208913647e-06, 6.53004944652171e-06, 6.127382508510966e-06, 7.44370054404866e-06, 5.783182967305086e-06, 6.9415144949231065e-06, 5.284237310208873e-06, 5.682464231182294e-06, 1.1513044694678283e-05, 7.207216144664771e-06, 5.2991743473853155e-06, 5.73097788613175e-06, 7.914128194603154e-06, 5.481449502426283e-06, 5.21804959000618e-06, 5.0382421606360895e-06, 4.438763054822957e-06, 4.4357168083168815e-06, 3.74725983403532e-06, 3.629240420956845e-06, 3.6750849116327745e-06, 3.895664432595722e-06, 3.5649763800314694e-06, 3.292017735536741e-06, 3.7587179428720316e-06, 3.523536177768746e-06, 3.5095368745553844e-06, 3.1872106650823555e-06, 3.554138012425975e-06, 3.596511373954224e-06, 3.127817456735304e-06]","[0.0003589886008615575, 0.00017116438113750758, 0.00021139668353712356, 0.00012411569075569532, 7.839209107954053e-05, 7.097363940197642e-05, 8.225245205275014e-05, 4.462173816708065e-05, 3.943754913322413e-05, 4.502648567960971e-05, 4.3301839482787055e-05, 2.7346648370148754e-05, 2.9187373802905767e-05, 2.059435088183727e-05, 5.2788777900362876e-05, 1.3614481241454573e-05, 1.5828407568735134e-05, 9.68774527306124e-06, 8.389105166994036e-06, 7.16128300935799e-06, 8.512615404636604e-06, 1.8198347512708816e-05, 6.939266904562211e-06, 8.555876764110155e-06, 5.944247231511295e-06, 7.718569618445493e-06, 4.777095354228706e-06, 4.8096261905124905e-06, 4.9314856256135085e-06, 6.7068521939518615e-06, 1.3967419882911548e-05, 9.4138852919427e-06, 1.438064464747818e-05, 3.636458467709857e-05, 3.0050317107483973e-06, 1.1869457336995867e-05, 4.483760483757533e-06, 2.3884478389872914e-06, 1.559781139453338e-05, 5.075110410615425e-06, 3.394131485439387e-06, 3.250744777432968e-06, 2.9755052278960297e-06, 3.519042858594427e-06, 1.111598464415137e-05, 2.7596491823015832e-06, 3.835541741845014e-06, 6.91062348564567e-06, 1.8956107539920095e-06, 2.757971439265241e-06, 1.8894525996475963e-06, 4.4063944212189155e-06, 6.182078846564949e-06, 5.369037680635838e-06, 6.224991967702024e-06, 1.9094162292632187e-05, 1.1744197712361364e-06, 2.781852655974811e-06, 8.12160414195182e-06, 2.894863963878088e-06, 2.191257379279018e-06, 2.6569015216916197e-05, 7.119004334266603e-07, 1.1474797641572117e-06, 1.4892769405397479e-06, 1.8306521528905956e-06, 3.7491805092460766e-06, 1.0497193474585227e-06, 8.4594541238145e-07, 2.4616638922613914e-06, 1.4523718839020168e-06, 1.0207101677013985e-05, 2.5550824885334477e-06, 1.0519514196298036e-06, 2.2921032944847967e-06, 2.8963737093114465e-06, 1.217911393651777e-06, 1.890937916210981e-06]",COMPLETE
45,0.0035783314131245954,2026-01-23 17:12:56.048323,2026-01-23 17:13:18.671214,0 days 00:00:22.622891,16,64,0.0038444869638370204,2,45,1,"[0.015357288282876505, 0.011485746438169882]","[0.01393979347080728, 0.0035783314131245954]",PRUNED
46,0.000102009474181414,2026-01-23 17:13:18.672218,2026-01-23 17:15:21.183129,0 days 00:02:02.510911,16,32,0.0020432447401015704,2,15,7,"[0.003557002274159124, 0.00046482033364791687, 0.0003444913758666164, 0.00027542797238594137, 0.0002456600912318438, 0.0002080299729130429, 0.0001901948131889213, 0.00016377314931648713, 0.00015235345114435168, 0.00013793400190228642, 0.00011888451681337338]","[0.0003059523274672535, 0.00020131083650072934, 0.00013682741964289903, 0.00010160725203601165, 0.00010665517983326028, 7.662654836521333e-05, 0.00011489256835524226, 6.31635956610834e-05, 6.478889987641429e-05, 6.665513381989011e-05, 0.000102009474181414]",PRUNED
47,0.000462987787974655,2026-01-23 17:15:21.183129,2026-01-23 17:15:43.484906,0 days 00:00:22.301777,16,64,0.0032751772607844077,2,30,1,"[0.005771956203363029, 0.0007789004579257623]","[0.0006117472779076678, 0.000462987787974655]",PRUNED
48,0.0003137850285795861,2026-01-23 17:15:43.484906,2026-01-23 17:15:55.583914,0 days 00:00:12.099008,32,64,0.0009671862269334684,2,15,1,"[0.005805886610126975, 0.0006947760668807068]","[0.0006219149949462001, 0.0003137850285795861]",PRUNED
49,0.000354484403388721,2026-01-23 17:15:55.583914,2026-01-23 17:16:18.097996,0 days 00:00:22.514082,16,64,0.0004965418482173794,2,15,1,"[0.005028690625476708, 0.0007494891610894282]","[0.0006968358303207715, 0.000354484403388721]",PRUNED
